This is pdfTeX, Version 3.14159265-2.6-1.40.20 (TeX Live 2019/Debian) (preloaded format=pdflatex 2020.10.2)  15 NOV 2020 15:38
entering extended mode
 restricted \write18 enabled.
 %&-line parsing enabled.
**03_Spektralphotometer.tex
(./03_Spektralphotometer.tex
LaTeX2e <2020-02-02> patch level 2
L3 programming layer <2020-02-14>
(/usr/share/texlive/texmf-dist/tex/latex/base/article.cls
Document Class: article 2019/12/20 v1.4l Standard LaTeX document class
(/usr/share/texlive/texmf-dist/tex/latex/base/size10.clo
File: size10.clo 2019/12/20 v1.4l Standard LaTeX file (size option)
)
\c@part=\count167
\c@section=\count168
\c@subsection=\count169
\c@subsubsection=\count170
\c@paragraph=\count171
\c@subparagraph=\count172
\c@figure=\count173
\c@table=\count174
\abovecaptionskip=\skip47
\belowcaptionskip=\skip48
\bibindent=\dimen134
)
(/usr/share/texlive/texmf-dist/tex/latex/url/url.sty
\Urlmuskip=\muskip16
Package: url 2013/09/16  ver 3.4  Verb mode for urls, etc.
)
(/usr/share/texlive/texmf-dist/tex/latex/base/inputenc.sty
Package: inputenc 2018/08/11 v1.3c Input encoding file
\inpenc@prehook=\toks14
\inpenc@posthook=\toks15
)
(/usr/share/texlive/texmf-dist/tex/latex/pdfpages/pdfpages.sty
Package: pdfpages 2020/01/28 v0.5q Insert pages of external PDF documents (AM)

(/usr/share/texlive/texmf-dist/tex/latex/base/ifthen.sty
Package: ifthen 2014/09/29 v1.1c Standard LaTeX ifthen package (DPC)
)
(/usr/share/texlive/texmf-dist/tex/latex/tools/calc.sty
Package: calc 2017/05/25 v4.3 Infix arithmetic (KKT,FJ)
\calc@Acount=\count175
\calc@Bcount=\count176
\calc@Adimen=\dimen135
\calc@Bdimen=\dimen136
\calc@Askip=\skip49
\calc@Bskip=\skip50
LaTeX Info: Redefining \setlength on input line 80.
LaTeX Info: Redefining \addtolength on input line 81.
\calc@Ccount=\count177
\calc@Cskip=\skip51
)
(/usr/share/texlive/texmf-dist/tex/latex/eso-pic/eso-pic.sty
Package: eso-pic 2018/04/12 v2.0h eso-pic (RN)

(/usr/share/texlive/texmf-dist/tex/generic/atbegshi/atbegshi.sty
Package: atbegshi 2019/12/05 v1.19 At begin shipout hook (HO)

(/usr/share/texlive/texmf-dist/tex/generic/infwarerr/infwarerr.sty
Package: infwarerr 2019/12/03 v1.5 Providing info/warning/error messages (HO)
)
(/usr/share/texlive/texmf-dist/tex/generic/ltxcmds/ltxcmds.sty
Package: ltxcmds 2019/12/15 v1.24 LaTeX kernel commands for general use (HO)
)
(/usr/share/texlive/texmf-dist/tex/generic/iftex/iftex.sty
Package: iftex 2019/11/07 v1.0c TeX engine tests
))
(/usr/share/texlive/texmf-dist/tex/latex/graphics/keyval.sty
Package: keyval 2014/10/28 v1.15 key=value parser (DPC)
\KV@toks@=\toks16
)
(/usr/share/texlive/texmf-dist/tex/latex/xcolor/xcolor.sty
Package: xcolor 2016/05/11 v2.12 LaTeX color extensions (UK)

(/usr/share/texlive/texmf-dist/tex/latex/graphics-cfg/color.cfg
File: color.cfg 2016/01/02 v1.6 sample color configuration
)
Package xcolor Info: Driver file: pdftex.def on input line 225.

(/usr/share/texlive/texmf-dist/tex/latex/graphics-def/pdftex.def
File: pdftex.def 2018/01/08 v1.0l Graphics/color driver for pdftex
)
Package xcolor Info: Model `cmy' substituted by `cmy0' on input line 1348.
Package xcolor Info: Model `hsb' substituted by `rgb' on input line 1352.
Package xcolor Info: Model `RGB' extended on input line 1364.
Package xcolor Info: Model `HTML' substituted by `rgb' on input line 1366.
Package xcolor Info: Model `Hsb' substituted by `hsb' on input line 1367.
Package xcolor Info: Model `tHsb' substituted by `hsb' on input line 1368.
Package xcolor Info: Model `HSB' substituted by `hsb' on input line 1369.
Package xcolor Info: Model `Gray' substituted by `gray' on input line 1370.
Package xcolor Info: Model `wave' substituted by `hsb' on input line 1371.
))
(/usr/share/texlive/texmf-dist/tex/latex/graphics/graphicx.sty
Package: graphicx 2019/11/30 v1.2a Enhanced LaTeX Graphics (DPC,SPQR)

(/usr/share/texlive/texmf-dist/tex/latex/graphics/graphics.sty
Package: graphics 2019/11/30 v1.4a Standard LaTeX Graphics (DPC,SPQR)

(/usr/share/texlive/texmf-dist/tex/latex/graphics/trig.sty
Package: trig 2016/01/03 v1.10 sin cos tan (DPC)
)
(/usr/share/texlive/texmf-dist/tex/latex/graphics-cfg/graphics.cfg
File: graphics.cfg 2016/06/04 v1.11 sample graphics configuration
)
Package graphics Info: Driver file: pdftex.def on input line 105.
)
\Gin@req@height=\dimen137
\Gin@req@width=\dimen138
)
\AM@pagewidth=\dimen139
\AM@pageheight=\dimen140

(/usr/share/texlive/texmf-dist/tex/latex/pdfpages/pppdftex.def
File: pppdftex.def 2020/01/28 v0.5q Pdfpages driver for pdfTeX (AM)
)
\AM@pagebox=\box45
\AM@global@opts=\toks17
\AM@pagecnt=\count178
\AM@toc@title=\toks18
\c@AM@survey=\count179
\AM@templatesizebox=\box46
)
(/usr/share/texlive/texmf-dist/tex/latex/lastpage/lastpage.sty
Package: lastpage 2015/03/29 v1.2m Refers to last page's name (HMM; JPG)
)
(/usr/share/texlive/texmf-dist/tex/latex/fancyhdr/fancyhdr.sty
Package: fancyhdr 2019/01/31 v3.10 Extensive control of page headers and footer
s
\f@nch@headwidth=\skip52
\f@nch@O@elh=\skip53
\f@nch@O@erh=\skip54
\f@nch@O@olh=\skip55
\f@nch@O@orh=\skip56
\f@nch@O@elf=\skip57
\f@nch@O@erf=\skip58
\f@nch@O@olf=\skip59
\f@nch@O@orf=\skip60
)
(/usr/share/texlive/texmf-dist/tex/generic/german/ngerman.sty v2.5e 1998-07-08
Package: ngerman 1998/07/08 v2.5e Support for writing german texts (br)
\grmnU@D=\dimen141
ngerman -- \language number for naustrian undefined, default 46 used.
) (/usr/share/texlive/texmf-dist/tex/latex/listings/listings.sty
\lst@mode=\count180
\lst@gtempboxa=\box47
\lst@token=\toks19
\lst@length=\count181
\lst@currlwidth=\dimen142
\lst@column=\count182
\lst@pos=\count183
\lst@lostspace=\dimen143
\lst@width=\dimen144
\lst@newlines=\count184
\lst@lineno=\count185
\lst@maxwidth=\dimen145

(/usr/share/texlive/texmf-dist/tex/latex/listings/lstmisc.sty
File: lstmisc.sty 2019/09/10 1.8c (Carsten Heinz)
\c@lstnumber=\count186
\lst@skipnumbers=\count187
\lst@framebox=\box48
)
(/usr/share/texlive/texmf-dist/tex/latex/listings/listings.cfg
File: listings.cfg 2019/09/10 1.8c listings configuration
))
Package: listings 2019/09/10 1.8c (Carsten Heinz)

(/usr/share/texlive/texmf-dist/tex/latex/tools/tabularx.sty
Package: tabularx 2020/01/15 v2.11c `tabularx' package (DPC)

(/usr/share/texlive/texmf-dist/tex/latex/tools/array.sty
Package: array 2019/08/31 v2.4l Tabular extension package (FMi)
\col@sep=\dimen146
\ar@mcellbox=\box49
\extrarowheight=\dimen147
\NC@list=\toks20
\extratabsurround=\skip61
\backup@length=\skip62
\ar@cellbox=\box50
)
\TX@col@width=\dimen148
\TX@old@table=\dimen149
\TX@old@col=\dimen150
\TX@target=\dimen151
\TX@delta=\dimen152
\TX@cols=\count188
\TX@ftn=\toks21
)
(/usr/share/texlive/texmf-dist/tex/latex/floatrow/floatrow.sty
Package: floatrow 2008/08/02 v0.3b floatrow: float package extension

(/usr/share/texlive/texmf-dist/tex/latex/caption/caption3.sty
Package: caption3 2020/01/03 v1.8h caption3 kernel (AR)
Package caption3 Info: TeX engine: e-TeX on input line 61.
\captionmargin=\dimen153
\captionmargin@=\dimen154
\captionwidth=\dimen155
\caption@tempdima=\dimen156
\caption@indent=\dimen157
\caption@parindent=\dimen158
\caption@hangindent=\dimen159
Package caption Info: Standard document class detected.
)
\c@float@type=\count189
\float@exts=\toks22
\float@box=\box51
\@floatcapt=\box52
Package floatrow Info: Modified float package code loaded on input line 455.
Package floatrow Info: Modified rotfloat package code loaded on input line 473.

\FR@everyfloat=\toks23
\flrow@foot=\insert199
\FB@wd=\dimen160
\FBo@wd=\dimen161
\FBc@wd=\dimen162
\FBo@ht=\skip63
\FBc@ht=\skip64
\FBf@ht=\skip65
\FBo@max=\skip66
\FBc@max=\skip67
\FBf@max=\skip68
\c@FBl@b=\count190
\floatbox@depth=\count191
\c@FRobj=\count192
\c@FRsobj=\count193
\Xhsize=\skip69
\sXhsize=\skip70
\Zhsize=\skip71
\sZhsize=\skip72
\flrow@rowbox=\box53
\FR@Zunitlength=\dimen163
\c@FBcnt=\count194
\FPOScnt=\count195
\LTleft=\skip73
\LTright=\skip74
\LTleft=\skip75
\LTright=\skip76
\flrow@types=\toks24
)
(/usr/share/texlive/texmf-dist/tex/latex/caption/caption.sty
Package: caption 2020/01/03 v3.4h Customizing captions (AR)
\c@caption@flags=\count196
\c@continuedfloat=\count197
Package caption Info: float package is loaded.
Package caption Info: floatrow package is loaded.
Package caption Info: listings package is loaded.
)
(/usr/share/texlive/texmf-dist/tex/latex/amsmath/amsmath.sty
Package: amsmath 2020/01/20 v2.17e AMS math features
\@mathmargin=\skip77

For additional information on amsmath, use the `?' option.
(/usr/share/texlive/texmf-dist/tex/latex/amsmath/amstext.sty
Package: amstext 2000/06/29 v2.01 AMS text

(/usr/share/texlive/texmf-dist/tex/latex/amsmath/amsgen.sty
File: amsgen.sty 1999/11/30 v2.0 generic functions
\@emptytoks=\toks25
\ex@=\dimen164
))
(/usr/share/texlive/texmf-dist/tex/latex/amsmath/amsbsy.sty
Package: amsbsy 1999/11/29 v1.2d Bold Symbols
\pmbraise@=\dimen165
)
(/usr/share/texlive/texmf-dist/tex/latex/amsmath/amsopn.sty
Package: amsopn 2016/03/08 v2.02 operator names
)
\inf@bad=\count198
LaTeX Info: Redefining \frac on input line 227.
\uproot@=\count266
\leftroot@=\count267
LaTeX Info: Redefining \overline on input line 389.
\classnum@=\count268
\DOTSCASE@=\count269
LaTeX Info: Redefining \ldots on input line 486.
LaTeX Info: Redefining \dots on input line 489.
LaTeX Info: Redefining \cdots on input line 610.
\Mathstrutbox@=\box54
\strutbox@=\box55
\big@size=\dimen166
LaTeX Font Info:    Redeclaring font encoding OML on input line 733.
LaTeX Font Info:    Redeclaring font encoding OMS on input line 734.
\macc@depth=\count270
\c@MaxMatrixCols=\count271
\dotsspace@=\muskip17
\c@parentequation=\count272
\dspbrk@lvl=\count273
\tag@help=\toks26
\row@=\count274
\column@=\count275
\maxfields@=\count276
\andhelp@=\toks27
\eqnshift@=\dimen167
\alignsep@=\dimen168
\tagshift@=\dimen169
\tagwidth@=\dimen170
\totwidth@=\dimen171
\lineht@=\dimen172
\@envbody=\toks28
\multlinegap=\skip78
\multlinetaggap=\skip79
\mathdisplay@stack=\toks29
LaTeX Info: Redefining \[ on input line 2859.
LaTeX Info: Redefining \] on input line 2860.
)
(/usr/share/texlive/texmf-dist/tex/latex/amsfonts/amssymb.sty
Package: amssymb 2013/01/14 v3.01 AMS font symbols

(/usr/share/texlive/texmf-dist/tex/latex/amsfonts/amsfonts.sty
Package: amsfonts 2013/01/14 v3.01 Basic AMSFonts support
\symAMSa=\mathgroup4
\symAMSb=\mathgroup5
LaTeX Font Info:    Redeclaring math symbol \hbar on input line 98.
LaTeX Font Info:    Overwriting math alphabet `\mathfrak' in version `bold'
(Font)                  U/euf/m/n --> U/euf/b/n on input line 106.
))
(/usr/share/texlive/texmf-dist/tex/latex/xifthen/xifthen.sty
Package: xifthen 2015/11/05 v1.4.0 Extended ifthen features

(/usr/share/texlive/texmf-dist/tex/latex/ifmtarg/ifmtarg.sty
Package: ifmtarg 2018/04/16 v1.2b check for an empty argument
))
(/usr/share/texlive/texmf-dist/tex/latex/tocbibind/tocbibind.sty
Package: tocbibind 2010/10/13 v1.5k extra ToC listings
Package tocbibind Info: The document has section divisions on input line 50.


Package tocbibind Note: Using section or other style headings.

) (/usr/share/texlive/texmf-dist/tex/latex/l3backend/l3backend-pdfmode.def
File: l3backend-pdfmode.def 2020-02-03 L3 backend support: PDF mode
\l__kernel_color_stack_int=\count277
\l__pdf_internal_box=\box56
)
(./03_Spektralphotometer.aux)
\openout1 = `03_Spektralphotometer.aux'.

LaTeX Font Info:    Checking defaults for OML/cmm/m/it on input line 46.
LaTeX Font Info:    ... okay on input line 46.
LaTeX Font Info:    Checking defaults for OMS/cmsy/m/n on input line 46.
LaTeX Font Info:    ... okay on input line 46.
LaTeX Font Info:    Checking defaults for OT1/cmr/m/n on input line 46.
LaTeX Font Info:    ... okay on input line 46.
LaTeX Font Info:    Checking defaults for T1/cmr/m/n on input line 46.
LaTeX Font Info:    ... okay on input line 46.
LaTeX Font Info:    Checking defaults for TS1/cmr/m/n on input line 46.
LaTeX Font Info:    ... okay on input line 46.
LaTeX Font Info:    Checking defaults for OMX/cmex/m/n on input line 46.
LaTeX Font Info:    ... okay on input line 46.
LaTeX Font Info:    Checking defaults for U/cmr/m/n on input line 46.
LaTeX Font Info:    ... okay on input line 46.
\AtBeginShipoutBox=\box57

(/usr/share/texlive/texmf-dist/tex/context/base/mkii/supp-pdf.mkii
[Loading MPS to PDF converter (version 2006.09.02).]
\scratchcounter=\count278
\scratchdimen=\dimen173
\scratchbox=\box58
\nofMPsegments=\count279
\nofMParguments=\count280
\everyMPshowfont=\toks30
\MPscratchCnt=\count281
\MPscratchDim=\dimen174
\MPnumerator=\count282
\makeMPintoPDFobject=\count283
\everyMPtoPDFconversion=\toks31
) (/usr/share/texlive/texmf-dist/tex/latex/epstopdf-pkg/epstopdf-base.sty
Package: epstopdf-base 2020-01-24 v2.11 Base part for package epstopdf

(/usr/share/texlive/texmf-dist/tex/latex/grfext/grfext.sty
Package: grfext 2019/12/03 v1.3 Manage graphics extensions (HO)

(/usr/share/texlive/texmf-dist/tex/generic/kvdefinekeys/kvdefinekeys.sty
Package: kvdefinekeys 2019-12-19 v1.6 Define keys (HO)
))
(/usr/share/texlive/texmf-dist/tex/latex/kvoptions/kvoptions.sty
Package: kvoptions 2019/11/29 v3.13 Key value format for package options (HO)

(/usr/share/texlive/texmf-dist/tex/generic/kvsetkeys/kvsetkeys.sty
Package: kvsetkeys 2019/12/15 v1.18 Key value parser (HO)
))
(/usr/share/texlive/texmf-dist/tex/latex/pdftexcmds/pdftexcmds.sty
Package: pdftexcmds 2019/11/24 v0.31 Utility functions of pdfTeX for LuaTeX (HO
)
Package pdftexcmds Info: \pdf@primitive is available.
Package pdftexcmds Info: \pdf@ifprimitive is available.
Package pdftexcmds Info: \pdfdraftmode found.
)
Package epstopdf-base Info: Redefining graphics rule for `.eps' on input line 4
85.
Package grfext Info: Graphics extension search list:
(grfext)             [.pdf,.png,.jpg,.mps,.jpeg,.jbig2,.jb2,.PDF,.PNG,.JPG,.JPE
G,.JBIG2,.JB2,.eps]
(grfext)             \AppendGraphicsExtensions on input line 504.

(/usr/share/texlive/texmf-dist/tex/latex/latexconfig/epstopdf-sys.cfg
File: epstopdf-sys.cfg 2010/07/13 v1.3 Configuration of (r)epstopdf for TeX Liv
e
))
(/usr/share/texlive/texmf-dist/tex/latex/pdflscape/pdflscape.sty
Package: pdflscape 2019/12/05 v0.12 Display of landscape pages in PDF (HO)

(/usr/share/texlive/texmf-dist/tex/latex/graphics/lscape.sty
Package: lscape 2000/10/22 v3.01 Landscape Pages (DPC)
)
Package pdflscape Info: Auto-detected driver: pdftex on input line 81.
)
Package lastpage Info: Please have a look at the pageslts package at
(lastpage)             https://www.ctan.org/pkg/pageslts
(lastpage)             ! on input line 46.
\c@lstlisting=\count284
Package caption Info: Begin \AtBeginDocument code.
Package caption Info: End \AtBeginDocument code.
<Deckblatt.pdf, id=1, 597.53236pt x 845.0471pt>
File: Deckblatt.pdf Graphic file (type pdf)
<use Deckblatt.pdf>
Package pdftex.def Info: Deckblatt.pdf  used on input line 50.
(pdftex.def)             Requested size: 597.5309pt x 845.04504pt.
File: Deckblatt.pdf Graphic file (type pdf)
<use Deckblatt.pdf>
Package pdftex.def Info: Deckblatt.pdf  used on input line 50.
(pdftex.def)             Requested size: 597.5309pt x 845.04504pt.
<Deckblatt.pdf, id=4, page=1, 597.53236pt x 845.0471pt>
File: Deckblatt.pdf Graphic file (type pdf)
<use Deckblatt.pdf, page 1>
Package pdftex.def Info: Deckblatt.pdf , page1 used on input line 50.
(pdftex.def)             Requested size: 597.5309pt x 845.04504pt.
File: Deckblatt.pdf Graphic file (type pdf)
<use Deckblatt.pdf, page 1>
Package pdftex.def Info: Deckblatt.pdf , page1 used on input line 50.
(pdftex.def)             Requested size: 562.1455pt x 795.00201pt.
File: Deckblatt.pdf Graphic file (type pdf)
<use Deckblatt.pdf, page 1>
Package pdftex.def Info: Deckblatt.pdf , page1 used on input line 50.
(pdftex.def)             Requested size: 562.1455pt x 795.00201pt.
File: Deckblatt.pdf Graphic file (type pdf)
<use Deckblatt.pdf, page 1>
Package pdftex.def Info: Deckblatt.pdf , page1 used on input line 50.
(pdftex.def)             Requested size: 562.1455pt x 795.00201pt.
File: Deckblatt.pdf Graphic file (type pdf)
<use Deckblatt.pdf, page 1>
Package pdftex.def Info: Deckblatt.pdf , page1 used on input line 50.
(pdftex.def)             Requested size: 562.1455pt x 795.00201pt.
 [1

 <./Deckblatt.pdf>] (./03_Spektralphotometer.toc
LaTeX Font Info:    Trying to load font information for U+msa on input line 4.

(/usr/share/texlive/texmf-dist/tex/latex/amsfonts/umsa.fd
File: umsa.fd 2013/01/14 v3.01 AMS symbols A
)
LaTeX Font Info:    Trying to load font information for U+msb on input line 4.

(/usr/share/texlive/texmf-dist/tex/latex/amsfonts/umsb.fd
File: umsb.fd 2013/01/14 v3.01 AMS symbols B
)
Overfull \hbox (7.72298pt too wide) in paragraph at lines 10--10
 [][] []\OT1/cmr/m/n/10 Bestimmung der Stoff-men-gen-kon-zen-tra-ti-on ei-ner M
e-thy-len-blaul[]osung [][]  
 []


Overfull \hbox (7.72298pt too wide) in paragraph at lines 14--14
 [][] []\OT1/cmr/m/n/10 Bestimmung der Stoff-men-gen-kon-zen-tra-ti-on ei-ner M
e-thy-len-blaul[]osung [][]  
 []

)
\tf@toc=\write3
\openout3 = `03_Spektralphotometer.toc'.



Package Fancyhdr Warning: \headheight is too small (12.0pt): 
Make it at least 22.54448pt.
We now make it that large for the rest of the document.
This may cause the page layout to be inconsistent, however.

[2{/var/lib/texmf/fonts/map/pdftex/updmap/pdftex.map}] [3]
Overfull \hbox (1.36418pt too wide) in paragraph at lines 148--148
[]|\OT1/cmr/m/n/10 Spektralphotometer| 
 []


Underfull \hbox (badness 4366) in paragraph at lines 153--154
[]|\OT1/cmr/m/n/10 K[]uvet-te mit Me-
 []

[4]
<Intensitaeten.png, id=51, 462.528pt x 346.896pt>
File: Intensitaeten.png Graphic file (type png)
<use Intensitaeten.png>
Package pdftex.def Info: Intensitaeten.png  used on input line 184.
(pdftex.def)             Requested size: 323.76738pt x 242.82553pt.
 [5]
<Intensitaeten_Methyl.png, id=56, 462.528pt x 346.896pt>
File: Intensitaeten_Methyl.png Graphic file (type png)
<use Intensitaeten_Methyl.png>
Package pdftex.def Info: Intensitaeten_Methyl.png  used on input line 201.
(pdftex.def)             Requested size: 323.76738pt x 242.82553pt.
 [6 <./Intensitaeten.png>]
Overfull \hbox (13.00836pt too wide) in paragraph at lines 208--208
[]\OT1/cmr/bx/n/12 Bestimmung der Di-cke ei-ner Glas-p-lat-te durch das Trans-
 []

<Glas_Intensitaeten.png, id=61, 462.528pt x 346.896pt>
File: Glas_Intensitaeten.png Graphic file (type png)
<use Glas_Intensitaeten.png>
Package pdftex.def Info: Glas_Intensitaeten.png  used on input line 218.
(pdftex.def)             Requested size: 323.76738pt x 242.82553pt.
[7 <./Intensitaeten_Methyl.png>]
Overfull \hbox (0.94589pt too wide) in paragraph at lines 225--225
[]\OT1/cmr/bx/n/12 Bestimmung von Trans-mis-si-on und Ex-tink-ti-on f[]ur ver-
 []

<Transmissionen.png, id=67, 462.528pt x 346.896pt>
File: Transmissionen.png Graphic file (type png)
<use Transmissionen.png>
Package pdftex.def Info: Transmissionen.png  used on input line 232.
(pdftex.def)             Requested size: 323.76738pt x 242.82553pt.
[8 <./Glas_Intensitaeten.png>]
<Extinktionen.png, id=72, 462.528pt x 346.896pt>
File: Extinktionen.png Graphic file (type png)
<use Extinktionen.png>
Package pdftex.def Info: Extinktionen.png  used on input line 241.
(pdftex.def)             Requested size: 323.76738pt x 242.82553pt.
 [9 <./Transmissionen.png>]
<Extinktionen_addition.png, id=77, 462.528pt x 346.896pt>
File: Extinktionen_addition.png Graphic file (type png)
<use Extinktionen_addition.png>
Package pdftex.def Info: Extinktionen_addition.png  used on input line 248.
(pdftex.def)             Requested size: 323.76738pt x 242.82553pt.
 [10 <./Extinktionen.png>]
<reihenfolge1.png, id=82, 462.528pt x 346.896pt>
File: reihenfolge1.png Graphic file (type png)
<use reihenfolge1.png>
Package pdftex.def Info: reihenfolge1.png  used on input line 257.
(pdftex.def)             Requested size: 323.76738pt x 242.82553pt.
 [11 <./Extinktionen_addition.png>]
<reihenfolge2.png, id=87, 462.528pt x 346.896pt>
File: reihenfolge2.png Graphic file (type png)
<use reihenfolge2.png>
Package pdftex.def Info: reihenfolge2.png  used on input line 267.
(pdftex.def)             Requested size: 323.76738pt x 242.82553pt.
 [12 <./reihenfolge1.png>]
(./methyl_ergebnis.tex)
<Transmission_Extinktion_Methyl.png, id=92, 462.528pt x 346.896pt>
File: Transmission_Extinktion_Methyl.png Graphic file (type png)
<use Transmission_Extinktion_Methyl.png>
Package pdftex.def Info: Transmission_Extinktion_Methyl.png  used on input line
 296.
(pdftex.def)             Requested size: 323.76738pt x 242.82553pt.
 [13 <./reihenfolge2.png>]
Overfull \hbox (13.00836pt too wide) in paragraph at lines 303--303
[]\OT1/cmr/bx/n/12 Bestimmung der Di-cke ei-ner Glas-p-lat-te durch das Trans-
 []

(./glas_max.tex) (./glas_max_trans_tab.tex) [14 <./Transmission_Extinktion_Meth
yl.png>] (./glas_k_ergebnis.tex) (./glas_d_ergebnis.tex)
<Glas_Transmission_Extinktion.png, id=102, 462.528pt x 346.896pt>
File: Glas_Transmission_Extinktion.png Graphic file (type png)
<use Glas_Transmission_Extinktion.png>
Package pdftex.def Info: Glas_Transmission_Extinktion.png  used on input line 3
38.
(pdftex.def)             Requested size: 323.76738pt x 242.82553pt.
 [15] [16 <./Glas_Transmission_Extinktion.png>] 
AED: lastpage setting LastPage
[17] (./03_Spektralphotometer.aux) ) 
Here is how much of TeX's memory you used:
 7811 strings out of 481239
 114127 string characters out of 5920377
 368440 words of memory out of 5000000
 22933 multiletter control sequences out of 15000+600000
 535555 words of font info for 37 fonts, out of 8000000 for 9000
 1141 hyphenation exceptions out of 8191
 42i,18n,45p,526b,423s stack positions out of 5000i,500n,10000p,200000b,80000s
</usr/share/texlive/texmf-dist/fonts/type1/
public/amsfonts/cm/cmbx10.pfb></usr/share/texlive/texmf-dist/fonts/type1/public
/amsfonts/cm/cmbx12.pfb></usr/share/texlive/texmf-dist/fonts/type1/public/amsfo
nts/cm/cmex10.pfb></usr/share/texlive/texmf-dist/fonts/type1/public/amsfonts/cm
/cmmi10.pfb></usr/share/texlive/texmf-dist/fonts/type1/public/amsfonts/cm/cmmi7
.pfb></usr/share/texlive/texmf-dist/fonts/type1/public/amsfonts/cm/cmr10.pfb></
usr/share/texlive/texmf-dist/fonts/type1/public/amsfonts/cm/cmr7.pfb></usr/shar
e/texlive/texmf-dist/fonts/type1/public/amsfonts/cm/cmsy10.pfb></usr/share/texl
ive/texmf-dist/fonts/type1/public/amsfonts/cm/cmsy7.pfb>
Output written on 03_Spektralphotometer.pdf (17 pages, 538514 bytes).
PDF statistics:
 144 PDF objects out of 1000 (max. 8388607)
 83 compressed objects within 1 object stream
 0 named destinations out of 1000 (max. 500000)
 71 words of extra memory for PDF output out of 10000 (max. 10000000)

