\BOOKMARK [1][-]{section*.1}{Inhaltsverzeichnis}{}% 1
\BOOKMARK [1][-]{section.1}{Aufgabenstellung}{}% 2
\BOOKMARK [1][-]{section.2}{Voraussetzungen und Grundlagen}{}% 3
\BOOKMARK [2][-]{subsection.2.1}{Halbleiter und Leitf\344higkeit}{section.2}% 4
\BOOKMARK [2][-]{subsection.2.2}{B\344nder und Halbleiter}{section.2}% 5
\BOOKMARK [2][-]{subsection.2.3}{Dotierung von Halbleitern}{section.2}% 6
\BOOKMARK [2][-]{subsection.2.4}{pn-\334bergang}{section.2}% 7
\BOOKMARK [1][-]{section.3}{Ger\344teliste}{}% 8
\BOOKMARK [1][-]{section.4}{Beschreibung der Versuchsanordnung}{}% 9
\BOOKMARK [2][-]{subsection.4.1}{Strom-Spannungscharakteristik einer Gleichrichterdiode}{section.4}% 10
\BOOKMARK [2][-]{subsection.4.2}{Strom-Spannungscharakteristik einer Zenerdiode}{section.4}% 11
\BOOKMARK [2][-]{subsection.4.3}{Einweg- bzw. Gleichrichterschaltung mit unterschiedlichen Gl\344ttungskondensatoren und Belastungswiderst\344nden}{section.4}% 12
\BOOKMARK [1][-]{section.5}{Versuchsdurchf\374hrung und Messwerte}{}% 13
\BOOKMARK [2][-]{subsection.5.1}{Strom-Spannungscharakteristik einer Gleichrichterdiode}{section.5}% 14
\BOOKMARK [2][-]{subsection.5.2}{Strom-Spannungscharakteristik einer Zenerdiode}{section.5}% 15
\BOOKMARK [2][-]{subsection.5.3}{Einweg- bzw. Gleichrichterschaltung mit unterschiedlichen Gl\344ttungskondensatoren und Belastungswiderst\344nden}{section.5}% 16
\BOOKMARK [1][-]{section.6}{Auswertung}{}% 17
\BOOKMARK [2][-]{subsection.6.1}{Strom-Spannungscharakteristik einer Gleichrichterdiode}{section.6}% 18
\BOOKMARK [2][-]{subsection.6.2}{Strom-Spannungscharakteristik einer Zenerdiode}{section.6}% 19
\BOOKMARK [2][-]{subsection.6.3}{Einweg- bzw. Gleichrichterschaltung mit unterschiedlichen Gl\344ttungskondensatoren und Belastungswiderst\344nden}{section.6}% 20
\BOOKMARK [1][-]{section.7}{Diskussion}{}% 21
\BOOKMARK [2][-]{subsection.7.1}{Strom-Spannungscharakteristik einer Gleichrichterdiode}{section.7}% 22
\BOOKMARK [2][-]{subsection.7.2}{Strom-Spannungscharakteristik einer Zenerdiode}{section.7}% 23
\BOOKMARK [1][-]{section.8}{Zusammenfassung}{}% 24
\BOOKMARK [1][-]{section.9}{Literaturverzeichnis}{}% 25
