\BOOKMARK [1][-]{section*.1}{Inhaltsverzeichnis}{}% 1
\BOOKMARK [1][-]{section.1}{Aufgabenstellung}{}% 2
\BOOKMARK [1][-]{section.2}{Voraussetzungen und Grundlagen}{}% 3
\BOOKMARK [2][-]{subsection.2.1}{Wechselstrom und Wechselspannung}{section.2}% 4
\BOOKMARK [2][-]{subsection.2.2}{Messung von Gleichrichtwert und Effektivwert}{section.2}% 5
\BOOKMARK [2][-]{subsection.2.3}{Wechselstromwiderst\344nde und deren Leistung}{section.2}% 6
\BOOKMARK [2][-]{subsection.2.4}{Impedanzen}{section.2}% 7
\BOOKMARK [1][-]{section.3}{Ger\344teliste}{}% 8
\BOOKMARK [1][-]{section.4}{Beschreibung der Versuchsanordnung}{}% 9
\BOOKMARK [2][-]{subsection.4.1}{Untersuchung der Anzeige von unterschiedlichen Spannungsmessinstrumenten bei verschiedenen Kurvenformen}{section.4}% 10
\BOOKMARK [2][-]{subsection.4.2}{Phasenlage von Strom und Spannung an einem Kondensator bzw. einer Spule}{section.4}% 11
\BOOKMARK [2][-]{subsection.4.3}{Leistung einer RC- bzw RL-Schaltung}{section.4}% 12
\BOOKMARK [1][-]{section.5}{Versuchsdurchf\374hrung und Messwerte}{}% 13
\BOOKMARK [2][-]{subsection.5.1}{Untersuchung der Anzeige von unterschiedlichen Spannungsmessinstrumenten bei verschiedenen Kurvenformen}{section.5}% 14
\BOOKMARK [2][-]{subsection.5.2}{Phasenlage von Strom und Spannung an einem Kondensator bzw. einer Spule}{section.5}% 15
\BOOKMARK [1][-]{section.6}{Auswertung}{}% 16
\BOOKMARK [2][-]{subsection.6.1}{Untersuchung der Anzeige von unterschiedlichen Spannungsmessinstrumenten bei verschiedenen Kurvenformen }{section.6}% 17
\BOOKMARK [2][-]{subsection.6.2}{Phasenlage von Strom und Spannung an einem Kondensator bzw. einer Spule}{section.6}% 18
\BOOKMARK [1][-]{section.7}{Diskussion}{}% 19
\BOOKMARK [2][-]{subsection.7.1}{Untersuchung der Anzeige von unterschiedlichen Spannungsmessinstrumenten bei verschiedenen Kurvenformen }{section.7}% 20
\BOOKMARK [2][-]{subsection.7.2}{Phasenlage von Strom und Spannung an einem Kondensator bzw. einer Spule}{section.7}% 21
\BOOKMARK [2][-]{subsection.7.3}{Leistung einer RC- bzw RL-Schaltung}{section.7}% 22
\BOOKMARK [1][-]{section.8}{Zusammenfassung}{}% 23
\BOOKMARK [2][-]{subsection.8.1}{Untersuchung der Anzeige von unterschiedlichen Spannungsmessinstrumenten bei verschiedenen Kurvenformen }{section.8}% 24
\BOOKMARK [2][-]{subsection.8.2}{Phasenlage von Strom und Spannung an einem Kondensator bzw. einer Spule}{section.8}% 25
\BOOKMARK [2][-]{subsection.8.3}{Leistung einer RC- bzw RL-Schaltung}{section.8}% 26
\BOOKMARK [1][-]{section.9}{Literaturverzeichnis}{}% 27
