This is pdfTeX, Version 3.14159265-2.6-1.40.20 (TeX Live 2019/Debian) (preloaded format=pdflatex 2020.10.2)  14 DEC 2020 08:14
entering extended mode
 restricted \write18 enabled.
 %&-line parsing enabled.
**01_Abbe_Theorie.tex
(./01_Abbe_Theorie.tex
LaTeX2e <2020-02-02> patch level 2
L3 programming layer <2020-02-14>
(/usr/share/texlive/texmf-dist/tex/latex/base/article.cls
Document Class: article 2019/12/20 v1.4l Standard LaTeX document class
(/usr/share/texlive/texmf-dist/tex/latex/base/size10.clo
File: size10.clo 2019/12/20 v1.4l Standard LaTeX file (size option)
)
\c@part=\count167
\c@section=\count168
\c@subsection=\count169
\c@subsubsection=\count170
\c@paragraph=\count171
\c@subparagraph=\count172
\c@figure=\count173
\c@table=\count174
\abovecaptionskip=\skip47
\belowcaptionskip=\skip48
\bibindent=\dimen134
)
(/usr/share/texlive/texmf-dist/tex/latex/url/url.sty
\Urlmuskip=\muskip16
Package: url 2013/09/16  ver 3.4  Verb mode for urls, etc.
)
(/usr/share/texlive/texmf-dist/tex/latex/pdfpages/pdfpages.sty
Package: pdfpages 2020/01/28 v0.5q Insert pages of external PDF documents (AM)

(/usr/share/texlive/texmf-dist/tex/latex/base/ifthen.sty
Package: ifthen 2014/09/29 v1.1c Standard LaTeX ifthen package (DPC)
)
(/usr/share/texlive/texmf-dist/tex/latex/tools/calc.sty
Package: calc 2017/05/25 v4.3 Infix arithmetic (KKT,FJ)
\calc@Acount=\count175
\calc@Bcount=\count176
\calc@Adimen=\dimen135
\calc@Bdimen=\dimen136
\calc@Askip=\skip49
\calc@Bskip=\skip50
LaTeX Info: Redefining \setlength on input line 80.
LaTeX Info: Redefining \addtolength on input line 81.
\calc@Ccount=\count177
\calc@Cskip=\skip51
)
(/usr/share/texlive/texmf-dist/tex/latex/eso-pic/eso-pic.sty
Package: eso-pic 2018/04/12 v2.0h eso-pic (RN)

(/usr/share/texlive/texmf-dist/tex/generic/atbegshi/atbegshi.sty
Package: atbegshi 2019/12/05 v1.19 At begin shipout hook (HO)

(/usr/share/texlive/texmf-dist/tex/generic/infwarerr/infwarerr.sty
Package: infwarerr 2019/12/03 v1.5 Providing info/warning/error messages (HO)
)
(/usr/share/texlive/texmf-dist/tex/generic/ltxcmds/ltxcmds.sty
Package: ltxcmds 2019/12/15 v1.24 LaTeX kernel commands for general use (HO)
)
(/usr/share/texlive/texmf-dist/tex/generic/iftex/iftex.sty
Package: iftex 2019/11/07 v1.0c TeX engine tests
))
(/usr/share/texlive/texmf-dist/tex/latex/graphics/keyval.sty
Package: keyval 2014/10/28 v1.15 key=value parser (DPC)
\KV@toks@=\toks14
)
(/usr/share/texlive/texmf-dist/tex/latex/xcolor/xcolor.sty
Package: xcolor 2016/05/11 v2.12 LaTeX color extensions (UK)

(/usr/share/texlive/texmf-dist/tex/latex/graphics-cfg/color.cfg
File: color.cfg 2016/01/02 v1.6 sample color configuration
)
Package xcolor Info: Driver file: pdftex.def on input line 225.

(/usr/share/texlive/texmf-dist/tex/latex/graphics-def/pdftex.def
File: pdftex.def 2018/01/08 v1.0l Graphics/color driver for pdftex
)
Package xcolor Info: Model `cmy' substituted by `cmy0' on input line 1348.
Package xcolor Info: Model `hsb' substituted by `rgb' on input line 1352.
Package xcolor Info: Model `RGB' extended on input line 1364.
Package xcolor Info: Model `HTML' substituted by `rgb' on input line 1366.
Package xcolor Info: Model `Hsb' substituted by `hsb' on input line 1367.
Package xcolor Info: Model `tHsb' substituted by `hsb' on input line 1368.
Package xcolor Info: Model `HSB' substituted by `hsb' on input line 1369.
Package xcolor Info: Model `Gray' substituted by `gray' on input line 1370.
Package xcolor Info: Model `wave' substituted by `hsb' on input line 1371.
))
(/usr/share/texlive/texmf-dist/tex/latex/graphics/graphicx.sty
Package: graphicx 2019/11/30 v1.2a Enhanced LaTeX Graphics (DPC,SPQR)

(/usr/share/texlive/texmf-dist/tex/latex/graphics/graphics.sty
Package: graphics 2019/11/30 v1.4a Standard LaTeX Graphics (DPC,SPQR)

(/usr/share/texlive/texmf-dist/tex/latex/graphics/trig.sty
Package: trig 2016/01/03 v1.10 sin cos tan (DPC)
)
(/usr/share/texlive/texmf-dist/tex/latex/graphics-cfg/graphics.cfg
File: graphics.cfg 2016/06/04 v1.11 sample graphics configuration
)
Package graphics Info: Driver file: pdftex.def on input line 105.
)
\Gin@req@height=\dimen137
\Gin@req@width=\dimen138
)
\AM@pagewidth=\dimen139
\AM@pageheight=\dimen140

(/usr/share/texlive/texmf-dist/tex/latex/pdfpages/pppdftex.def
File: pppdftex.def 2020/01/28 v0.5q Pdfpages driver for pdfTeX (AM)
)
\AM@pagebox=\box45
\AM@global@opts=\toks15
\AM@pagecnt=\count178
\AM@toc@title=\toks16
\c@AM@survey=\count179
\AM@templatesizebox=\box46
)
(/usr/share/texlive/texmf-dist/tex/latex/lastpage/lastpage.sty
Package: lastpage 2015/03/29 v1.2m Refers to last page's name (HMM; JPG)
)
(/usr/share/texlive/texmf-dist/tex/latex/fancyhdr/fancyhdr.sty
Package: fancyhdr 2019/01/31 v3.10 Extensive control of page headers and footer
s
\f@nch@headwidth=\skip52
\f@nch@O@elh=\skip53
\f@nch@O@erh=\skip54
\f@nch@O@olh=\skip55
\f@nch@O@orh=\skip56
\f@nch@O@elf=\skip57
\f@nch@O@erf=\skip58
\f@nch@O@olf=\skip59
\f@nch@O@orf=\skip60
)
(/usr/share/texlive/texmf-dist/tex/generic/german/ngerman.sty v2.5e 1998-07-08
Package: ngerman 1998/07/08 v2.5e Support for writing german texts (br)
\grmnU@D=\dimen141
ngerman -- \language number for naustrian undefined, default 46 used.
) (/usr/share/texlive/texmf-dist/tex/latex/listings/listings.sty
\lst@mode=\count180
\lst@gtempboxa=\box47
\lst@token=\toks17
\lst@length=\count181
\lst@currlwidth=\dimen142
\lst@column=\count182
\lst@pos=\count183
\lst@lostspace=\dimen143
\lst@width=\dimen144
\lst@newlines=\count184
\lst@lineno=\count185
\lst@maxwidth=\dimen145

(/usr/share/texlive/texmf-dist/tex/latex/listings/lstmisc.sty
File: lstmisc.sty 2019/09/10 1.8c (Carsten Heinz)
\c@lstnumber=\count186
\lst@skipnumbers=\count187
\lst@framebox=\box48
)
(/usr/share/texlive/texmf-dist/tex/latex/listings/listings.cfg
File: listings.cfg 2019/09/10 1.8c listings configuration
))
Package: listings 2019/09/10 1.8c (Carsten Heinz)

(/usr/share/texlive/texmf-dist/tex/latex/tools/tabularx.sty
Package: tabularx 2020/01/15 v2.11c `tabularx' package (DPC)

(/usr/share/texlive/texmf-dist/tex/latex/tools/array.sty
Package: array 2019/08/31 v2.4l Tabular extension package (FMi)
\col@sep=\dimen146
\ar@mcellbox=\box49
\extrarowheight=\dimen147
\NC@list=\toks18
\extratabsurround=\skip61
\backup@length=\skip62
\ar@cellbox=\box50
)
\TX@col@width=\dimen148
\TX@old@table=\dimen149
\TX@old@col=\dimen150
\TX@target=\dimen151
\TX@delta=\dimen152
\TX@cols=\count188
\TX@ftn=\toks19
)
(/usr/share/texlive/texmf-dist/tex/latex/subfig/subfig.sty
Package: subfig 2005/06/28 ver: 1.3 subfig package

(/usr/share/texlive/texmf-dist/tex/latex/caption/caption.sty
Package: caption 2020/01/03 v3.4h Customizing captions (AR)

(/usr/share/texlive/texmf-dist/tex/latex/caption/caption3.sty
Package: caption3 2020/01/03 v1.8h caption3 kernel (AR)
Package caption3 Info: TeX engine: e-TeX on input line 61.
\captionmargin=\dimen153
\captionmargin@=\dimen154
\captionwidth=\dimen155
\caption@tempdima=\dimen156
\caption@indent=\dimen157
\caption@parindent=\dimen158
\caption@hangindent=\dimen159
Package caption Info: Standard document class detected.
)
\c@caption@flags=\count189
\c@continuedfloat=\count190
Package caption Info: listings package is loaded.
)
\c@KVtest=\count191
\sf@farskip=\skip63
\sf@captopadj=\dimen160
\sf@capskip=\skip64
\sf@nearskip=\skip65
\c@subfigure=\count192
\c@subfigure@save=\count193
\c@lofdepth=\count194
\c@subtable=\count195
\c@subtable@save=\count196
\c@lotdepth=\count197
\sf@top=\skip66
\sf@bottom=\skip67
)
(/usr/share/texlive/texmf-dist/tex/latex/floatrow/floatrow.sty
Package: floatrow 2008/08/02 v0.3b floatrow: float package extension
\c@float@type=\count198
\float@exts=\toks20
\float@box=\box51
\@floatcapt=\box52
Package floatrow Info: Modified float package code loaded on input line 455.
Package floatrow Info: Modified rotfloat package code loaded on input line 473.

\FR@everyfloat=\toks21
\flrow@foot=\insert199
\FB@wd=\dimen161
\FBo@wd=\dimen162
\FBc@wd=\dimen163
\FBo@ht=\skip68
\FBc@ht=\skip69
\FBf@ht=\skip70
\FBo@max=\skip71
\FBc@max=\skip72
\FBf@max=\skip73
\c@FBl@b=\count266
\floatbox@depth=\count267
\c@FRobj=\count268
\c@FRsobj=\count269
\Xhsize=\skip74
\sXhsize=\skip75
\Zhsize=\skip76
\sZhsize=\skip77
\flrow@rowbox=\box53
\FR@Zunitlength=\dimen164
\c@FBcnt=\count270
\FPOScnt=\count271
\LTleft=\skip78
\LTright=\skip79
\LTleft=\skip80
\LTright=\skip81
\flrow@types=\toks22
)
(/usr/share/texlive/texmf-dist/tex/latex/amsmath/amsmath.sty
Package: amsmath 2020/01/20 v2.17e AMS math features
\@mathmargin=\skip82

For additional information on amsmath, use the `?' option.
(/usr/share/texlive/texmf-dist/tex/latex/amsmath/amstext.sty
Package: amstext 2000/06/29 v2.01 AMS text

(/usr/share/texlive/texmf-dist/tex/latex/amsmath/amsgen.sty
File: amsgen.sty 1999/11/30 v2.0 generic functions
\@emptytoks=\toks23
\ex@=\dimen165
))
(/usr/share/texlive/texmf-dist/tex/latex/amsmath/amsbsy.sty
Package: amsbsy 1999/11/29 v1.2d Bold Symbols
\pmbraise@=\dimen166
)
(/usr/share/texlive/texmf-dist/tex/latex/amsmath/amsopn.sty
Package: amsopn 2016/03/08 v2.02 operator names
)
\inf@bad=\count272
LaTeX Info: Redefining \frac on input line 227.
\uproot@=\count273
\leftroot@=\count274
LaTeX Info: Redefining \overline on input line 389.
\classnum@=\count275
\DOTSCASE@=\count276
LaTeX Info: Redefining \ldots on input line 486.
LaTeX Info: Redefining \dots on input line 489.
LaTeX Info: Redefining \cdots on input line 610.
\Mathstrutbox@=\box54
\strutbox@=\box55
\big@size=\dimen167
LaTeX Font Info:    Redeclaring font encoding OML on input line 733.
LaTeX Font Info:    Redeclaring font encoding OMS on input line 734.
\macc@depth=\count277
\c@MaxMatrixCols=\count278
\dotsspace@=\muskip17
\c@parentequation=\count279
\dspbrk@lvl=\count280
\tag@help=\toks24
\row@=\count281
\column@=\count282
\maxfields@=\count283
\andhelp@=\toks25
\eqnshift@=\dimen168
\alignsep@=\dimen169
\tagshift@=\dimen170
\tagwidth@=\dimen171
\totwidth@=\dimen172
\lineht@=\dimen173
\@envbody=\toks26
\multlinegap=\skip83
\multlinetaggap=\skip84
\mathdisplay@stack=\toks27
LaTeX Info: Redefining \[ on input line 2859.
LaTeX Info: Redefining \] on input line 2860.
)
(/usr/share/texlive/texmf-dist/tex/latex/amsfonts/amssymb.sty
Package: amssymb 2013/01/14 v3.01 AMS font symbols

(/usr/share/texlive/texmf-dist/tex/latex/amsfonts/amsfonts.sty
Package: amsfonts 2013/01/14 v3.01 Basic AMSFonts support
\symAMSa=\mathgroup4
\symAMSb=\mathgroup5
LaTeX Font Info:    Redeclaring math symbol \hbar on input line 98.
LaTeX Font Info:    Overwriting math alphabet `\mathfrak' in version `bold'
(Font)                  U/euf/m/n --> U/euf/b/n on input line 106.
))
(/usr/share/texlive/texmf-dist/tex/latex/base/inputenc.sty
Package: inputenc 2018/08/11 v1.3c Input encoding file
\inpenc@prehook=\toks28
\inpenc@posthook=\toks29
)
(/usr/share/texlive/texmf-dist/tex/latex/tocbibind/tocbibind.sty
Package: tocbibind 2010/10/13 v1.5k extra ToC listings
Package tocbibind Info: The document has section divisions on input line 50.


Package tocbibind Note: Using section or other style headings.

) (/usr/share/texlive/texmf-dist/tex/latex/l3backend/l3backend-pdfmode.def
File: l3backend-pdfmode.def 2020-02-03 L3 backend support: PDF mode
\l__kernel_color_stack_int=\count284
\l__pdf_internal_box=\box56
)
(./01_Abbe_Theorie.aux)
\openout1 = `01_Abbe_Theorie.aux'.

LaTeX Font Info:    Checking defaults for OML/cmm/m/it on input line 47.
LaTeX Font Info:    ... okay on input line 47.
LaTeX Font Info:    Checking defaults for OMS/cmsy/m/n on input line 47.
LaTeX Font Info:    ... okay on input line 47.
LaTeX Font Info:    Checking defaults for OT1/cmr/m/n on input line 47.
LaTeX Font Info:    ... okay on input line 47.
LaTeX Font Info:    Checking defaults for T1/cmr/m/n on input line 47.
LaTeX Font Info:    ... okay on input line 47.
LaTeX Font Info:    Checking defaults for TS1/cmr/m/n on input line 47.
LaTeX Font Info:    ... okay on input line 47.
LaTeX Font Info:    Checking defaults for OMX/cmex/m/n on input line 47.
LaTeX Font Info:    ... okay on input line 47.
LaTeX Font Info:    Checking defaults for U/cmr/m/n on input line 47.
LaTeX Font Info:    ... okay on input line 47.
\AtBeginShipoutBox=\box57

(/usr/share/texlive/texmf-dist/tex/context/base/mkii/supp-pdf.mkii
[Loading MPS to PDF converter (version 2006.09.02).]
\scratchcounter=\count285
\scratchdimen=\dimen174
\scratchbox=\box58
\nofMPsegments=\count286
\nofMParguments=\count287
\everyMPshowfont=\toks30
\MPscratchCnt=\count288
\MPscratchDim=\dimen175
\MPnumerator=\count289
\makeMPintoPDFobject=\count290
\everyMPtoPDFconversion=\toks31
) (/usr/share/texlive/texmf-dist/tex/latex/epstopdf-pkg/epstopdf-base.sty
Package: epstopdf-base 2020-01-24 v2.11 Base part for package epstopdf

(/usr/share/texlive/texmf-dist/tex/latex/grfext/grfext.sty
Package: grfext 2019/12/03 v1.3 Manage graphics extensions (HO)

(/usr/share/texlive/texmf-dist/tex/generic/kvdefinekeys/kvdefinekeys.sty
Package: kvdefinekeys 2019-12-19 v1.6 Define keys (HO)
))
(/usr/share/texlive/texmf-dist/tex/latex/kvoptions/kvoptions.sty
Package: kvoptions 2019/11/29 v3.13 Key value format for package options (HO)

(/usr/share/texlive/texmf-dist/tex/generic/kvsetkeys/kvsetkeys.sty
Package: kvsetkeys 2019/12/15 v1.18 Key value parser (HO)
))
(/usr/share/texlive/texmf-dist/tex/latex/pdftexcmds/pdftexcmds.sty
Package: pdftexcmds 2019/11/24 v0.31 Utility functions of pdfTeX for LuaTeX (HO
)
Package pdftexcmds Info: \pdf@primitive is available.
Package pdftexcmds Info: \pdf@ifprimitive is available.
Package pdftexcmds Info: \pdfdraftmode found.
)
Package epstopdf-base Info: Redefining graphics rule for `.eps' on input line 4
85.
Package grfext Info: Graphics extension search list:
(grfext)             [.pdf,.png,.jpg,.mps,.jpeg,.jbig2,.jb2,.PDF,.PNG,.JPG,.JPE
G,.JBIG2,.JB2,.eps]
(grfext)             \AppendGraphicsExtensions on input line 504.

(/usr/share/texlive/texmf-dist/tex/latex/latexconfig/epstopdf-sys.cfg
File: epstopdf-sys.cfg 2010/07/13 v1.3 Configuration of (r)epstopdf for TeX Liv
e
))
(/usr/share/texlive/texmf-dist/tex/latex/pdflscape/pdflscape.sty
Package: pdflscape 2019/12/05 v0.12 Display of landscape pages in PDF (HO)

(/usr/share/texlive/texmf-dist/tex/latex/graphics/lscape.sty
Package: lscape 2000/10/22 v3.01 Landscape Pages (DPC)
)
Package pdflscape Info: Auto-detected driver: pdftex on input line 81.
)
Package lastpage Info: Please have a look at the pageslts package at
(lastpage)             https://www.ctan.org/pkg/pageslts
(lastpage)             ! on input line 47.
\c@lstlisting=\count291
Package caption Info: Begin \AtBeginDocument code.
Package caption Info: subfig package v1.3 is loaded.
Package caption Info: float package is loaded.
Package caption Info: floatrow package is loaded.
Package caption Info: End \AtBeginDocument code.

(/usr/share/texlive/texmf-dist/tex/latex/floatrow/fr-subfig.sty
Package: fr-subfig 2007/12/24 v0.1g (beta) floatrow: additions for subfig
\FBsc@max=\skip85
\FBso@max=\skip86
)
<Deckblatt.pdf, id=1, 597.53236pt x 845.0471pt>
File: Deckblatt.pdf Graphic file (type pdf)
<use Deckblatt.pdf>
Package pdftex.def Info: Deckblatt.pdf  used on input line 51.
(pdftex.def)             Requested size: 597.5309pt x 845.04504pt.
File: Deckblatt.pdf Graphic file (type pdf)
<use Deckblatt.pdf>
Package pdftex.def Info: Deckblatt.pdf  used on input line 51.
(pdftex.def)             Requested size: 597.5309pt x 845.04504pt.
<Deckblatt.pdf, id=4, page=1, 597.53236pt x 845.0471pt>
File: Deckblatt.pdf Graphic file (type pdf)
<use Deckblatt.pdf, page 1>
Package pdftex.def Info: Deckblatt.pdf , page1 used on input line 51.
(pdftex.def)             Requested size: 597.5309pt x 845.04504pt.
File: Deckblatt.pdf Graphic file (type pdf)
<use Deckblatt.pdf, page 1>
Package pdftex.def Info: Deckblatt.pdf , page1 used on input line 51.
(pdftex.def)             Requested size: 562.1455pt x 795.00201pt.
File: Deckblatt.pdf Graphic file (type pdf)
<use Deckblatt.pdf, page 1>
Package pdftex.def Info: Deckblatt.pdf , page1 used on input line 51.
(pdftex.def)             Requested size: 562.1455pt x 795.00201pt.
File: Deckblatt.pdf Graphic file (type pdf)
<use Deckblatt.pdf, page 1>
Package pdftex.def Info: Deckblatt.pdf , page1 used on input line 51.
(pdftex.def)             Requested size: 562.1455pt x 795.00201pt.
File: Deckblatt.pdf Graphic file (type pdf)
<use Deckblatt.pdf, page 1>
Package pdftex.def Info: Deckblatt.pdf , page1 used on input line 51.
(pdftex.def)             Requested size: 562.1455pt x 795.00201pt.
 [1

 <./Deckblatt.pdf>] (./01_Abbe_Theorie.toc
LaTeX Font Info:    Trying to load font information for U+msa on input line 7.

(/usr/share/texlive/texmf-dist/tex/latex/amsfonts/umsa.fd
File: umsa.fd 2013/01/14 v3.01 AMS symbols A
)
LaTeX Font Info:    Trying to load font information for U+msb on input line 7.

(/usr/share/texlive/texmf-dist/tex/latex/amsfonts/umsb.fd
File: umsb.fd 2013/01/14 v3.01 AMS symbols B
))
\tf@toc=\write3
\openout3 = `01_Abbe_Theorie.toc'.



Package Fancyhdr Warning: \headheight is too small (12.0pt): 
Make it at least 22.54448pt.
We now make it that large for the rest of the document.
This may cause the page layout to be inconsistent, however.

[2{/var/lib/texmf/fonts/map/pdftex/updmap/pdftex.map}]
Overfull \hbox (10.38956pt too wide) in paragraph at lines 64--65
[]\OT1/cmr/m/n/10 Quantitative Be-stim-mung des Aufl[]osungs-verm[]ogens ei-ner
 Lin-se in Abh[]angig-
 []

[3]
<demtr_10_44.png, id=47, 273.9033pt x 97.0827pt>
File: demtr_10_44.png Graphic file (type png)
<use demtr_10_44.png>
Package pdftex.def Info: demtr_10_44.png  used on input line 110.
(pdftex.def)             Requested size: 246.51068pt x 87.3736pt.

Underfull \hbox (badness 10000) in paragraph at lines 129--129
[]|\OT1/cmr/m/n/10 Diodenge-pumpter
 []


Underfull \hbox (badness 10000) in paragraph at lines 129--129
\OT1/cmr/m/n/10 Festk[]orper-la-ser
 []


Underfull \hbox (badness 10000) in paragraph at lines 129--129
[]|\OT1/cmr/m/n/10 Festk[]orper-la-ser
 []


Underfull \hbox (badness 10000) in paragraph at lines 143--143
[]|\OT1/cmr/m/n/10 Lochblenden und
 []


Underfull \hbox (badness 10000) in paragraph at lines 143--143
[]|$\OML/cmm/m/it/10 d[] \OT1/cmr/m/n/10 = 2 []$mm
 []


Underfull \hbox (badness 10000) in paragraph at lines 143--143
\OML/cmm/m/it/10 d[] \OT1/cmr/m/n/10 = 3 []$mm
 []


Overfull \hbox (36.25569pt too wide) in paragraph at lines 126--149
 [][] 
 []

[4 <./demtr_10_44.png>]
<usaf.png.png, id=53, 164.7756pt x 113.223pt>
File: usaf.png.png Graphic file (type png)
<use usaf.png.png>
Package pdftex.def Info: usaf.png.png  used on input line 161.
(pdftex.def)             Requested size: 247.16277pt x 169.83408pt.
 [5 <./usaf.png.png>]
Overfull \hbox (51.54076pt too wide) in paragraph at lines 175--194
 [][] 
 []

<versuch.png, id=58, 323.7696pt x 71.7882pt>
File: versuch.png Graphic file (type png)
<use versuch.png>
Package pdftex.def Info: versuch.png  used on input line 205.
(pdftex.def)             Requested size: 323.76881pt x 71.788pt.
[6 <./versuch.png>]
<tm/Beugungsbild_0.jpg, id=64, 1284.8pt x 963.6pt>
File: tm/Beugungsbild_0.jpg Graphic file (type jpg)
<use tm/Beugungsbild_0.jpg>
Package pdftex.def Info: tm/Beugungsbild_0.jpg  used on input line 234.
(pdftex.def)             Requested size: 128.48752pt x 96.36565pt.
<tm/Bild_0.jpg, id=65, 1284.8pt x 963.6pt>
File: tm/Bild_0.jpg Graphic file (type jpg)
<use tm/Bild_0.jpg>
Package pdftex.def Info: tm/Bild_0.jpg  used on input line 243.
(pdftex.def)             Requested size: 128.48752pt x 96.36565pt.
<tm/Beugungsbild_1.jpg, id=66, 1284.8pt x 963.6pt>
File: tm/Beugungsbild_1.jpg Graphic file (type jpg)
<use tm/Beugungsbild_1.jpg>
Package pdftex.def Info: tm/Beugungsbild_1.jpg  used on input line 251.
(pdftex.def)             Requested size: 128.48752pt x 96.36565pt.
<tm/Bild_1.jpg, id=67, 1284.8pt x 963.6pt>
File: tm/Bild_1.jpg Graphic file (type jpg)
<use tm/Bild_1.jpg>
Package pdftex.def Info: tm/Bild_1.jpg  used on input line 260.
(pdftex.def)             Requested size: 128.48752pt x 96.36565pt.
<tm/Beugungsbild_3.jpg, id=68, 1284.8pt x 963.6pt>
File: tm/Beugungsbild_3.jpg Graphic file (type jpg)
<use tm/Beugungsbild_3.jpg>
Package pdftex.def Info: tm/Beugungsbild_3.jpg  used on input line 270.
(pdftex.def)             Requested size: 128.48752pt x 96.36565pt.
<tm/Bild_3.jpg, id=69, 1284.8pt x 963.6pt>
File: tm/Bild_3.jpg Graphic file (type jpg)
<use tm/Bild_3.jpg>
Package pdftex.def Info: tm/Bild_3.jpg  used on input line 279.
(pdftex.def)             Requested size: 128.48752pt x 96.36565pt.
<tm/Beugungsbild_5.jpg, id=70, 1284.8pt x 963.6pt>
File: tm/Beugungsbild_5.jpg Graphic file (type jpg)
<use tm/Beugungsbild_5.jpg>
Package pdftex.def Info: tm/Beugungsbild_5.jpg  used on input line 292.
(pdftex.def)             Requested size: 128.48752pt x 96.36565pt.
<tm/Bild_5.jpg, id=71, 1284.8pt x 963.6pt>
File: tm/Bild_5.jpg Graphic file (type jpg)
<use tm/Bild_5.jpg>
Package pdftex.def Info: tm/Bild_5.jpg  used on input line 301.
(pdftex.def)             Requested size: 128.48752pt x 96.36565pt.
 [7 <./tm/Beugungsbild_0.jpg> <./tm/Bild_0.jpg> <./tm/Beugungsbild_1.jpg> <./tm
/Bild_1.jpg> <./tm/Beugungsbild_3.jpg> <./tm/Bild_3.jpg>]
<tm/Beugungsbild_7.jpg, id=76, 1284.8pt x 963.6pt>
File: tm/Beugungsbild_7.jpg Graphic file (type jpg)
<use tm/Beugungsbild_7.jpg>
Package pdftex.def Info: tm/Beugungsbild_7.jpg  used on input line 312.
(pdftex.def)             Requested size: 128.48752pt x 96.36565pt.
<tm/Bild_7.jpg, id=77, 1284.8pt x 963.6pt>
File: tm/Bild_7.jpg Graphic file (type jpg)
<use tm/Bild_7.jpg>
Package pdftex.def Info: tm/Bild_7.jpg  used on input line 321.
(pdftex.def)             Requested size: 128.48752pt x 96.36565pt.
<tm/Beugungsbild_voll.jpg, id=78, 1284.8pt x 963.6pt>
File: tm/Beugungsbild_voll.jpg Graphic file (type jpg)
<use tm/Beugungsbild_voll.jpg>
Package pdftex.def Info: tm/Beugungsbild_voll.jpg  used on input line 331.
(pdftex.def)             Requested size: 128.48752pt x 96.36565pt.
<tm/Bild_voll.jpg, id=79, 1284.8pt x 963.6pt>
File: tm/Bild_voll.jpg Graphic file (type jpg)
<use tm/Bild_voll.jpg>
Package pdftex.def Info: tm/Bild_voll.jpg  used on input line 340.
(pdftex.def)             Requested size: 128.48752pt x 96.36565pt.
<jw/L_BB_5.jpg, id=80, 1284.8pt x 963.6pt>
File: jw/L_BB_5.jpg Graphic file (type jpg)
<use jw/L_BB_5.jpg>
Package pdftex.def Info: jw/L_BB_5.jpg  used on input line 362.
(pdftex.def)             Requested size: 128.48752pt x 96.36565pt.
<jw/L_OB_5.jpg, id=81, 1284.8pt x 963.6pt>
File: jw/L_OB_5.jpg Graphic file (type jpg)
<use jw/L_OB_5.jpg>
Package pdftex.def Info: jw/L_OB_5.jpg  used on input line 371.
(pdftex.def)             Requested size: 128.48752pt x 96.36565pt.

[8 <./tm/Beugungsbild_5.jpg> <./tm/Bild_5.jpg> <./tm/Beugungsbild_7.jpg> <./tm/
Bild_7.jpg> <./tm/Beugungsbild_voll.jpg> <./tm/Bild_voll.jpg>]
<jw/L_BB_4.jpg, id=85, 1284.8pt x 963.6pt>
File: jw/L_BB_4.jpg Graphic file (type jpg)
<use jw/L_BB_4.jpg>
Package pdftex.def Info: jw/L_BB_4.jpg  used on input line 378.
(pdftex.def)             Requested size: 128.48752pt x 96.36565pt.
<jw/L_OB_4.jpg, id=86, 1284.8pt x 963.6pt>
File: jw/L_OB_4.jpg Graphic file (type jpg)
<use jw/L_OB_4.jpg>
Package pdftex.def Info: jw/L_OB_4.jpg  used on input line 387.
(pdftex.def)             Requested size: 128.48752pt x 96.36565pt.
<jw/L_BB_3.jpg, id=87, 1284.8pt x 963.6pt>
File: jw/L_BB_3.jpg Graphic file (type jpg)
<use jw/L_BB_3.jpg>
Package pdftex.def Info: jw/L_BB_3.jpg  used on input line 396.
(pdftex.def)             Requested size: 128.48752pt x 96.36565pt.
<jw/L_OB_3.jpg, id=88, 1284.8pt x 963.6pt>
File: jw/L_OB_3.jpg Graphic file (type jpg)
<use jw/L_OB_3.jpg>
Package pdftex.def Info: jw/L_OB_3.jpg  used on input line 405.
(pdftex.def)             Requested size: 128.48752pt x 96.36565pt.
<jw/L_BB_2.jpg, id=89, 1284.8pt x 963.6pt>
File: jw/L_BB_2.jpg Graphic file (type jpg)
<use jw/L_BB_2.jpg>
Package pdftex.def Info: jw/L_BB_2.jpg  used on input line 417.
(pdftex.def)             Requested size: 128.48752pt x 96.36565pt.
<jw/L_OB_2.jpg, id=90, 1284.8pt x 963.6pt>
File: jw/L_OB_2.jpg Graphic file (type jpg)
<use jw/L_OB_2.jpg>
Package pdftex.def Info: jw/L_OB_2.jpg  used on input line 426.
(pdftex.def)             Requested size: 128.48752pt x 96.36565pt.
 [9 <./jw/L_BB_5.jpg> <./jw/L_OB_5.jpg> <./jw/L_BB_4.jpg> <./jw/L_OB_4.jpg> <./
jw/L_BB_3.jpg> <./jw/L_OB_3.jpg>]
<jw/L_BB_1.jpg, id=94, 1284.8pt x 963.6pt>
File: jw/L_BB_1.jpg Graphic file (type jpg)
<use jw/L_BB_1.jpg>
Package pdftex.def Info: jw/L_BB_1.jpg  used on input line 438.
(pdftex.def)             Requested size: 128.48752pt x 96.36565pt.

Underfull \hbox (badness 2310) in paragraph at lines 439--439
\OT1/cmr/m/n/10 gungs-bil-des mit vollst[]andig of-fe-
 []

<jw/L_OB_1.jpg, id=95, 1284.8pt x 963.6pt>
File: jw/L_OB_1.jpg Graphic file (type jpg)
<use jw/L_OB_1.jpg>
Package pdftex.def Info: jw/L_OB_1.jpg  used on input line 447.
(pdftex.def)             Requested size: 128.48752pt x 96.36565pt.

Underfull \hbox (badness 1400) in paragraph at lines 448--448
\OT1/cmr/m/n/10 jekt-bil-des mit vollst[]andig of-fe-ner
 []


Underfull \hbox (badness 2326) in paragraph at lines 448--448
\OT1/cmr/m/n/10 Iris-blen-de. Auf-nah-me wur-de zur
 []

[10 <./jw/L_BB_2.jpg> <./jw/L_OB_2.jpg> <./jw/L_BB_1.jpg> <./jw/L_OB_1.jpg>]
[11]
<tm/Bild_blau_kleine Lochblende.jpg, id=102, 308.352pt x 231.264pt>
File: tm/Bild_blau_kleine Lochblende.jpg Graphic file (type jpg)
<use tm/Bild_blau_kleine Lochblende.jpg>
Package pdftex.def Info: tm/Bild_blau_kleine Lochblende.jpg  used on input line
 477.
(pdftex.def)             Requested size: 154.17561pt x 115.63171pt.

Underfull \hbox (badness 4569) in paragraph at lines 478--478
[]\OT1/cmr/m/n/10 Abbildung 26: |Be-leuch-tung mit
 []

<tm/Bild_rot_kleine Lochblende.jpg, id=103, 308.352pt x 231.264pt>
File: tm/Bild_rot_kleine Lochblende.jpg Graphic file (type jpg)
<use tm/Bild_rot_kleine Lochblende.jpg>
Package pdftex.def Info: tm/Bild_rot_kleine Lochblende.jpg  used on input line 
486.
(pdftex.def)             Requested size: 154.17561pt x 115.63171pt.
<tm/Bild_blau_mittlere Lochblende.jpg, id=104, 308.352pt x 231.264pt>
File: tm/Bild_blau_mittlere Lochblende.jpg Graphic file (type jpg)
<use tm/Bild_blau_mittlere Lochblende.jpg>
Package pdftex.def Info: tm/Bild_blau_mittlere Lochblende.jpg  used on input li
ne 496.
(pdftex.def)             Requested size: 154.17561pt x 115.63171pt.

Underfull \hbox (badness 4569) in paragraph at lines 497--497
[]\OT1/cmr/m/n/10 Abbildung 28: |Be-leuch-tung mit
 []

<tm/Bild_rot_mittlere Lochblende.jpg, id=105, 308.352pt x 231.264pt>
File: tm/Bild_rot_mittlere Lochblende.jpg Graphic file (type jpg)
<use tm/Bild_rot_mittlere Lochblende.jpg>
Package pdftex.def Info: tm/Bild_rot_mittlere Lochblende.jpg  used on input lin
e 505.
(pdftex.def)             Requested size: 154.17561pt x 115.63171pt.
<tm/Bild_blau_grosse Lochblende.jpg, id=106, 308.352pt x 231.264pt>
File: tm/Bild_blau_grosse Lochblende.jpg Graphic file (type jpg)
<use tm/Bild_blau_grosse Lochblende.jpg>
Package pdftex.def Info: tm/Bild_blau_grosse Lochblende.jpg  used on input line
 516.
(pdftex.def)             Requested size: 154.17561pt x 115.63171pt.

Underfull \hbox (badness 4569) in paragraph at lines 517--517
[]\OT1/cmr/m/n/10 Abbildung 30: |Be-leuch-tung mit
 []

<tm/Bild_rot_grosse Lochblende.jpg, id=107, 308.352pt x 231.264pt>
File: tm/Bild_rot_grosse Lochblende.jpg Graphic file (type jpg)
<use tm/Bild_rot_grosse Lochblende.jpg>
Package pdftex.def Info: tm/Bild_rot_grosse Lochblende.jpg  used on input line 
525.
(pdftex.def)             Requested size: 154.17561pt x 115.63171pt.
[12 <./tm/Bild_blau_kleine Lochblende.jpg> <./tm/Bild_rot_kleine Lochblende.jpg
> <./tm/Bild_blau_mittlere Lochblende.jpg> <./tm/Bild_rot_mittlere Lochblende.j
pg> <./tm/Bild_blau_grosse Lochblende.jpg> <./tm/Bild_rot_grosse Lochblende.jpg
>]
<jw/B_B2_mark.jpg, id=111, 308.352pt x 231.264pt>
File: jw/B_B2_mark.jpg Graphic file (type jpg)
<use jw/B_B2_mark.jpg>
Package pdftex.def Info: jw/B_B2_mark.jpg  used on input line 542.
(pdftex.def)             Requested size: 154.17561pt x 115.63171pt.

Underfull \hbox (badness 4569) in paragraph at lines 543--543
[]\OT1/cmr/m/n/10 Abbildung 32: |Be-leuch-tung mit
 []

<jw/R_B2_mark.jpg, id=112, 308.352pt x 231.264pt>
File: jw/R_B2_mark.jpg Graphic file (type jpg)
<use jw/R_B2_mark.jpg>
Package pdftex.def Info: jw/R_B2_mark.jpg  used on input line 551.
(pdftex.def)             Requested size: 154.17561pt x 115.63171pt.
<jw/B_B3_mark.jpg, id=113, 308.352pt x 231.264pt>
File: jw/B_B3_mark.jpg Graphic file (type jpg)
<use jw/B_B3_mark.jpg>
Package pdftex.def Info: jw/B_B3_mark.jpg  used on input line 560.
(pdftex.def)             Requested size: 154.17561pt x 115.63171pt.

Underfull \hbox (badness 4569) in paragraph at lines 561--561
[]\OT1/cmr/m/n/10 Abbildung 34: |Be-leuch-tung mit
 []

<jw/R_B3_mark.jpg, id=114, 308.352pt x 231.264pt>
File: jw/R_B3_mark.jpg Graphic file (type jpg)
<use jw/R_B3_mark.jpg>
Package pdftex.def Info: jw/R_B3_mark.jpg  used on input line 569.
(pdftex.def)             Requested size: 154.17561pt x 115.63171pt.
<jw/B_B6_mark.jpg, id=115, 308.352pt x 231.264pt>
File: jw/B_B6_mark.jpg Graphic file (type jpg)
<use jw/B_B6_mark.jpg>
Package pdftex.def Info: jw/B_B6_mark.jpg  used on input line 578.
(pdftex.def)             Requested size: 154.17561pt x 115.63171pt.

Underfull \hbox (badness 4569) in paragraph at lines 579--579
[]\OT1/cmr/m/n/10 Abbildung 36: |Be-leuch-tung mit
 []

<jw/R_B6_mark.jpg, id=116, 308.352pt x 231.264pt>
File: jw/R_B6_mark.jpg Graphic file (type jpg)
<use jw/R_B6_mark.jpg>
Package pdftex.def Info: jw/R_B6_mark.jpg  used on input line 587.
(pdftex.def)             Requested size: 154.17561pt x 115.63171pt.
[13 <./jw/B_B2_mark.jpg> <./jw/R_B2_mark.jpg> <./jw/B_B3_mark.jpg> <./jw/R_B3_m
ark.jpg> <./jw/B_B6_mark.jpg> <./jw/R_B6_mark.jpg>]
Underfull \hbox (badness 10000) in paragraph at lines 643--643
[]|\OT1/cmr/m/n/10 Werte von
 []


Underfull \hbox (badness 10000) in paragraph at lines 643--643
[]|\OT1/cmr/m/n/10 Werte von
 []

[14]
Underfull \hbox (badness 10000) in paragraph at lines 677--677
[]|\OT1/cmr/m/n/10 Werte von
 []


Underfull \hbox (badness 10000) in paragraph at lines 677--677
[]|\OT1/cmr/m/n/10 Werte von
 []

<plot.png, id=125, 462.528pt x 346.896pt>
File: plot.png Graphic file (type png)
<use plot.png>
Package pdftex.def Info: plot.png  used on input line 695.
(pdftex.def)             Requested size: 323.76738pt x 242.82553pt.
[15] [16 <./plot.png>]
Underfull \hbox (badness 10000) in paragraph at lines 752--753
[]$\OT1/cmtt/m/n/10 https : / / www . spektrum . de / lexikon / physik / abbesc
he-[]theorie / 13$\OT1/cmr/m/n/10 ,
 []


Underfull \hbox (badness 10000) in paragraph at lines 753--754
[]$\OT1/cmtt/m/n/10 https : / / www . univie . ac . at / mikroskopie / 1 _ grun
dlagen / optik / opt _
 []


Underfull \hbox (badness 10000) in paragraph at lines 754--755
[]$\OT1/cmtt/m/n/10 https : / / physik . cosmos-[]indirekt . de / Physik-[]Schu
le /
 []


AED: lastpage setting LastPage
[17] (./01_Abbe_Theorie.aux) ) 
Here is how much of TeX's memory you used:
 8109 strings out of 481239
 119351 string characters out of 5920377
 371921 words of memory out of 5000000
 23211 multiletter control sequences out of 15000+600000
 536069 words of font info for 39 fonts, out of 8000000 for 9000
 1141 hyphenation exceptions out of 8191
 50i,18n,48p,816b,432s stack positions out of 5000i,500n,10000p,200000b,80000s
</usr/share/texlive/texmf-dist/fonts/type1/public
/amsfonts/cm/cmbx10.pfb></usr/share/texlive/texmf-dist/fonts/type1/public/amsfo
nts/cm/cmbx12.pfb></usr/share/texlive/texmf-dist/fonts/type1/public/amsfonts/cm
/cmex10.pfb></usr/share/texlive/texmf-dist/fonts/type1/public/amsfonts/cm/cmmi1
0.pfb></usr/share/texlive/texmf-dist/fonts/type1/public/amsfonts/cm/cmmi7.pfb><
/usr/share/texlive/texmf-dist/fonts/type1/public/amsfonts/cm/cmr10.pfb></usr/sh
are/texlive/texmf-dist/fonts/type1/public/amsfonts/cm/cmr7.pfb></usr/share/texl
ive/texmf-dist/fonts/type1/public/amsfonts/cm/cmsy10.pfb></usr/share/texlive/te
xmf-dist/fonts/type1/public/amsfonts/cm/cmsy7.pfb></usr/share/texlive/texmf-dis
t/fonts/type1/public/amsfonts/cm/cmti10.pfb></usr/share/texlive/texmf-dist/font
s/type1/public/amsfonts/cm/cmtt10.pfb>
Output written on 01_Abbe_Theorie.pdf (17 pages, 1224073 bytes).
PDF statistics:
 174 PDF objects out of 1000 (max. 8388607)
 89 compressed objects within 1 object stream
 0 named destinations out of 1000 (max. 500000)
 211 words of extra memory for PDF output out of 10000 (max. 10000000)

