This is pdfTeX, Version 3.14159265-2.6-1.40.20 (TeX Live 2019/Debian) (preloaded format=pdflatex 2020.10.2)  24 NOV 2020 14:23
entering extended mode
 restricted \write18 enabled.
 %&-line parsing enabled.
**04_Signalleitung.tex
(./04_Signalleitung.tex
LaTeX2e <2020-02-02> patch level 2
L3 programming layer <2020-02-14>
(/usr/share/texlive/texmf-dist/tex/latex/base/article.cls
Document Class: article 2019/12/20 v1.4l Standard LaTeX document class
(/usr/share/texlive/texmf-dist/tex/latex/base/size10.clo
File: size10.clo 2019/12/20 v1.4l Standard LaTeX file (size option)
)
\c@part=\count167
\c@section=\count168
\c@subsection=\count169
\c@subsubsection=\count170
\c@paragraph=\count171
\c@subparagraph=\count172
\c@figure=\count173
\c@table=\count174
\abovecaptionskip=\skip47
\belowcaptionskip=\skip48
\bibindent=\dimen134
)
(/usr/share/texlive/texmf-dist/tex/latex/url/url.sty
\Urlmuskip=\muskip16
Package: url 2013/09/16  ver 3.4  Verb mode for urls, etc.
)
(/usr/share/texlive/texmf-dist/tex/latex/pdfpages/pdfpages.sty
Package: pdfpages 2020/01/28 v0.5q Insert pages of external PDF documents (AM)

(/usr/share/texlive/texmf-dist/tex/latex/base/ifthen.sty
Package: ifthen 2014/09/29 v1.1c Standard LaTeX ifthen package (DPC)
)
(/usr/share/texlive/texmf-dist/tex/latex/tools/calc.sty
Package: calc 2017/05/25 v4.3 Infix arithmetic (KKT,FJ)
\calc@Acount=\count175
\calc@Bcount=\count176
\calc@Adimen=\dimen135
\calc@Bdimen=\dimen136
\calc@Askip=\skip49
\calc@Bskip=\skip50
LaTeX Info: Redefining \setlength on input line 80.
LaTeX Info: Redefining \addtolength on input line 81.
\calc@Ccount=\count177
\calc@Cskip=\skip51
)
(/usr/share/texlive/texmf-dist/tex/latex/eso-pic/eso-pic.sty
Package: eso-pic 2018/04/12 v2.0h eso-pic (RN)

(/usr/share/texlive/texmf-dist/tex/generic/atbegshi/atbegshi.sty
Package: atbegshi 2019/12/05 v1.19 At begin shipout hook (HO)

(/usr/share/texlive/texmf-dist/tex/generic/infwarerr/infwarerr.sty
Package: infwarerr 2019/12/03 v1.5 Providing info/warning/error messages (HO)
)
(/usr/share/texlive/texmf-dist/tex/generic/ltxcmds/ltxcmds.sty
Package: ltxcmds 2019/12/15 v1.24 LaTeX kernel commands for general use (HO)
)
(/usr/share/texlive/texmf-dist/tex/generic/iftex/iftex.sty
Package: iftex 2019/11/07 v1.0c TeX engine tests
))
(/usr/share/texlive/texmf-dist/tex/latex/graphics/keyval.sty
Package: keyval 2014/10/28 v1.15 key=value parser (DPC)
\KV@toks@=\toks14
)
(/usr/share/texlive/texmf-dist/tex/latex/xcolor/xcolor.sty
Package: xcolor 2016/05/11 v2.12 LaTeX color extensions (UK)

(/usr/share/texlive/texmf-dist/tex/latex/graphics-cfg/color.cfg
File: color.cfg 2016/01/02 v1.6 sample color configuration
)
Package xcolor Info: Driver file: pdftex.def on input line 225.

(/usr/share/texlive/texmf-dist/tex/latex/graphics-def/pdftex.def
File: pdftex.def 2018/01/08 v1.0l Graphics/color driver for pdftex
)
Package xcolor Info: Model `cmy' substituted by `cmy0' on input line 1348.
Package xcolor Info: Model `hsb' substituted by `rgb' on input line 1352.
Package xcolor Info: Model `RGB' extended on input line 1364.
Package xcolor Info: Model `HTML' substituted by `rgb' on input line 1366.
Package xcolor Info: Model `Hsb' substituted by `hsb' on input line 1367.
Package xcolor Info: Model `tHsb' substituted by `hsb' on input line 1368.
Package xcolor Info: Model `HSB' substituted by `hsb' on input line 1369.
Package xcolor Info: Model `Gray' substituted by `gray' on input line 1370.
Package xcolor Info: Model `wave' substituted by `hsb' on input line 1371.
))
(/usr/share/texlive/texmf-dist/tex/latex/graphics/graphicx.sty
Package: graphicx 2019/11/30 v1.2a Enhanced LaTeX Graphics (DPC,SPQR)

(/usr/share/texlive/texmf-dist/tex/latex/graphics/graphics.sty
Package: graphics 2019/11/30 v1.4a Standard LaTeX Graphics (DPC,SPQR)

(/usr/share/texlive/texmf-dist/tex/latex/graphics/trig.sty
Package: trig 2016/01/03 v1.10 sin cos tan (DPC)
)
(/usr/share/texlive/texmf-dist/tex/latex/graphics-cfg/graphics.cfg
File: graphics.cfg 2016/06/04 v1.11 sample graphics configuration
)
Package graphics Info: Driver file: pdftex.def on input line 105.
)
\Gin@req@height=\dimen137
\Gin@req@width=\dimen138
)
\AM@pagewidth=\dimen139
\AM@pageheight=\dimen140

(/usr/share/texlive/texmf-dist/tex/latex/pdfpages/pppdftex.def
File: pppdftex.def 2020/01/28 v0.5q Pdfpages driver for pdfTeX (AM)
)
\AM@pagebox=\box45
\AM@global@opts=\toks15
\AM@pagecnt=\count178
\AM@toc@title=\toks16
\c@AM@survey=\count179
\AM@templatesizebox=\box46
)
(/usr/share/texlive/texmf-dist/tex/latex/lastpage/lastpage.sty
Package: lastpage 2015/03/29 v1.2m Refers to last page's name (HMM; JPG)
)
(/usr/share/texlive/texmf-dist/tex/latex/fancyhdr/fancyhdr.sty
Package: fancyhdr 2019/01/31 v3.10 Extensive control of page headers and footer
s
\f@nch@headwidth=\skip52
\f@nch@O@elh=\skip53
\f@nch@O@erh=\skip54
\f@nch@O@olh=\skip55
\f@nch@O@orh=\skip56
\f@nch@O@elf=\skip57
\f@nch@O@erf=\skip58
\f@nch@O@olf=\skip59
\f@nch@O@orf=\skip60
)
(/usr/share/texlive/texmf-dist/tex/generic/german/ngerman.sty v2.5e 1998-07-08
Package: ngerman 1998/07/08 v2.5e Support for writing german texts (br)
\grmnU@D=\dimen141
ngerman -- \language number for naustrian undefined, default 46 used.
) (/usr/share/texlive/texmf-dist/tex/latex/listings/listings.sty
\lst@mode=\count180
\lst@gtempboxa=\box47
\lst@token=\toks17
\lst@length=\count181
\lst@currlwidth=\dimen142
\lst@column=\count182
\lst@pos=\count183
\lst@lostspace=\dimen143
\lst@width=\dimen144
\lst@newlines=\count184
\lst@lineno=\count185
\lst@maxwidth=\dimen145

(/usr/share/texlive/texmf-dist/tex/latex/listings/lstmisc.sty
File: lstmisc.sty 2019/09/10 1.8c (Carsten Heinz)
\c@lstnumber=\count186
\lst@skipnumbers=\count187
\lst@framebox=\box48
)
(/usr/share/texlive/texmf-dist/tex/latex/listings/listings.cfg
File: listings.cfg 2019/09/10 1.8c listings configuration
))
Package: listings 2019/09/10 1.8c (Carsten Heinz)

(/usr/share/texlive/texmf-dist/tex/latex/tools/tabularx.sty
Package: tabularx 2020/01/15 v2.11c `tabularx' package (DPC)

(/usr/share/texlive/texmf-dist/tex/latex/tools/array.sty
Package: array 2019/08/31 v2.4l Tabular extension package (FMi)
\col@sep=\dimen146
\ar@mcellbox=\box49
\extrarowheight=\dimen147
\NC@list=\toks18
\extratabsurround=\skip61
\backup@length=\skip62
\ar@cellbox=\box50
)
\TX@col@width=\dimen148
\TX@old@table=\dimen149
\TX@old@col=\dimen150
\TX@target=\dimen151
\TX@delta=\dimen152
\TX@cols=\count188
\TX@ftn=\toks19
)
(/usr/share/texlive/texmf-dist/tex/latex/floatrow/floatrow.sty
Package: floatrow 2008/08/02 v0.3b floatrow: float package extension

(/usr/share/texlive/texmf-dist/tex/latex/caption/caption3.sty
Package: caption3 2020/01/03 v1.8h caption3 kernel (AR)
Package caption3 Info: TeX engine: e-TeX on input line 61.
\captionmargin=\dimen153
\captionmargin@=\dimen154
\captionwidth=\dimen155
\caption@tempdima=\dimen156
\caption@indent=\dimen157
\caption@parindent=\dimen158
\caption@hangindent=\dimen159
Package caption Info: Standard document class detected.
)
\c@float@type=\count189
\float@exts=\toks20
\float@box=\box51
\@floatcapt=\box52
Package floatrow Info: Modified float package code loaded on input line 455.
Package floatrow Info: Modified rotfloat package code loaded on input line 473.

\FR@everyfloat=\toks21
\flrow@foot=\insert199
\FB@wd=\dimen160
\FBo@wd=\dimen161
\FBc@wd=\dimen162
\FBo@ht=\skip63
\FBc@ht=\skip64
\FBf@ht=\skip65
\FBo@max=\skip66
\FBc@max=\skip67
\FBf@max=\skip68
\c@FBl@b=\count190
\floatbox@depth=\count191
\c@FRobj=\count192
\c@FRsobj=\count193
\Xhsize=\skip69
\sXhsize=\skip70
\Zhsize=\skip71
\sZhsize=\skip72
\flrow@rowbox=\box53
\FR@Zunitlength=\dimen163
\c@FBcnt=\count194
\FPOScnt=\count195
\LTleft=\skip73
\LTright=\skip74
\LTleft=\skip75
\LTright=\skip76
\flrow@types=\toks22
)
(/usr/share/texlive/texmf-dist/tex/latex/caption/caption.sty
Package: caption 2020/01/03 v3.4h Customizing captions (AR)
\c@caption@flags=\count196
\c@continuedfloat=\count197
Package caption Info: float package is loaded.
Package caption Info: floatrow package is loaded.
Package caption Info: listings package is loaded.
)
(/usr/share/texlive/texmf-dist/tex/latex/amsmath/amsmath.sty
Package: amsmath 2020/01/20 v2.17e AMS math features
\@mathmargin=\skip77

For additional information on amsmath, use the `?' option.
(/usr/share/texlive/texmf-dist/tex/latex/amsmath/amstext.sty
Package: amstext 2000/06/29 v2.01 AMS text

(/usr/share/texlive/texmf-dist/tex/latex/amsmath/amsgen.sty
File: amsgen.sty 1999/11/30 v2.0 generic functions
\@emptytoks=\toks23
\ex@=\dimen164
))
(/usr/share/texlive/texmf-dist/tex/latex/amsmath/amsbsy.sty
Package: amsbsy 1999/11/29 v1.2d Bold Symbols
\pmbraise@=\dimen165
)
(/usr/share/texlive/texmf-dist/tex/latex/amsmath/amsopn.sty
Package: amsopn 2016/03/08 v2.02 operator names
)
\inf@bad=\count198
LaTeX Info: Redefining \frac on input line 227.
\uproot@=\count266
\leftroot@=\count267
LaTeX Info: Redefining \overline on input line 389.
\classnum@=\count268
\DOTSCASE@=\count269
LaTeX Info: Redefining \ldots on input line 486.
LaTeX Info: Redefining \dots on input line 489.
LaTeX Info: Redefining \cdots on input line 610.
\Mathstrutbox@=\box54
\strutbox@=\box55
\big@size=\dimen166
LaTeX Font Info:    Redeclaring font encoding OML on input line 733.
LaTeX Font Info:    Redeclaring font encoding OMS on input line 734.
\macc@depth=\count270
\c@MaxMatrixCols=\count271
\dotsspace@=\muskip17
\c@parentequation=\count272
\dspbrk@lvl=\count273
\tag@help=\toks24
\row@=\count274
\column@=\count275
\maxfields@=\count276
\andhelp@=\toks25
\eqnshift@=\dimen167
\alignsep@=\dimen168
\tagshift@=\dimen169
\tagwidth@=\dimen170
\totwidth@=\dimen171
\lineht@=\dimen172
\@envbody=\toks26
\multlinegap=\skip78
\multlinetaggap=\skip79
\mathdisplay@stack=\toks27
LaTeX Info: Redefining \[ on input line 2859.
LaTeX Info: Redefining \] on input line 2860.
)
(/usr/share/texlive/texmf-dist/tex/latex/amsfonts/amssymb.sty
Package: amssymb 2013/01/14 v3.01 AMS font symbols

(/usr/share/texlive/texmf-dist/tex/latex/amsfonts/amsfonts.sty
Package: amsfonts 2013/01/14 v3.01 Basic AMSFonts support
\symAMSa=\mathgroup4
\symAMSb=\mathgroup5
LaTeX Font Info:    Redeclaring math symbol \hbar on input line 98.
LaTeX Font Info:    Overwriting math alphabet `\mathfrak' in version `bold'
(Font)                  U/euf/m/n --> U/euf/b/n on input line 106.
))
(/usr/share/texlive/texmf-dist/tex/latex/base/inputenc.sty
Package: inputenc 2018/08/11 v1.3c Input encoding file
\inpenc@prehook=\toks28
\inpenc@posthook=\toks29
)
(/usr/share/texlive/texmf-dist/tex/latex/xifthen/xifthen.sty
Package: xifthen 2015/11/05 v1.4.0 Extended ifthen features

(/usr/share/texlive/texmf-dist/tex/latex/ifmtarg/ifmtarg.sty
Package: ifmtarg 2018/04/16 v1.2b check for an empty argument
))
(/usr/share/texlive/texmf-dist/tex/latex/tocbibind/tocbibind.sty
Package: tocbibind 2010/10/13 v1.5k extra ToC listings
Package tocbibind Info: The document has section divisions on input line 50.


Package tocbibind Note: Using section or other style headings.

) (/usr/share/texlive/texmf-dist/tex/latex/l3backend/l3backend-pdfmode.def
File: l3backend-pdfmode.def 2020-02-03 L3 backend support: PDF mode
\l__kernel_color_stack_int=\count277
\l__pdf_internal_box=\box56
)
(./04_Signalleitung.aux)
\openout1 = `04_Signalleitung.aux'.

LaTeX Font Info:    Checking defaults for OML/cmm/m/it on input line 44.
LaTeX Font Info:    ... okay on input line 44.
LaTeX Font Info:    Checking defaults for OMS/cmsy/m/n on input line 44.
LaTeX Font Info:    ... okay on input line 44.
LaTeX Font Info:    Checking defaults for OT1/cmr/m/n on input line 44.
LaTeX Font Info:    ... okay on input line 44.
LaTeX Font Info:    Checking defaults for T1/cmr/m/n on input line 44.
LaTeX Font Info:    ... okay on input line 44.
LaTeX Font Info:    Checking defaults for TS1/cmr/m/n on input line 44.
LaTeX Font Info:    ... okay on input line 44.
LaTeX Font Info:    Checking defaults for OMX/cmex/m/n on input line 44.
LaTeX Font Info:    ... okay on input line 44.
LaTeX Font Info:    Checking defaults for U/cmr/m/n on input line 44.
LaTeX Font Info:    ... okay on input line 44.
\AtBeginShipoutBox=\box57

(/usr/share/texlive/texmf-dist/tex/context/base/mkii/supp-pdf.mkii
[Loading MPS to PDF converter (version 2006.09.02).]
\scratchcounter=\count278
\scratchdimen=\dimen173
\scratchbox=\box58
\nofMPsegments=\count279
\nofMParguments=\count280
\everyMPshowfont=\toks30
\MPscratchCnt=\count281
\MPscratchDim=\dimen174
\MPnumerator=\count282
\makeMPintoPDFobject=\count283
\everyMPtoPDFconversion=\toks31
) (/usr/share/texlive/texmf-dist/tex/latex/epstopdf-pkg/epstopdf-base.sty
Package: epstopdf-base 2020-01-24 v2.11 Base part for package epstopdf

(/usr/share/texlive/texmf-dist/tex/latex/grfext/grfext.sty
Package: grfext 2019/12/03 v1.3 Manage graphics extensions (HO)

(/usr/share/texlive/texmf-dist/tex/generic/kvdefinekeys/kvdefinekeys.sty
Package: kvdefinekeys 2019-12-19 v1.6 Define keys (HO)
))
(/usr/share/texlive/texmf-dist/tex/latex/kvoptions/kvoptions.sty
Package: kvoptions 2019/11/29 v3.13 Key value format for package options (HO)

(/usr/share/texlive/texmf-dist/tex/generic/kvsetkeys/kvsetkeys.sty
Package: kvsetkeys 2019/12/15 v1.18 Key value parser (HO)
))
(/usr/share/texlive/texmf-dist/tex/latex/pdftexcmds/pdftexcmds.sty
Package: pdftexcmds 2019/11/24 v0.31 Utility functions of pdfTeX for LuaTeX (HO
)
Package pdftexcmds Info: \pdf@primitive is available.
Package pdftexcmds Info: \pdf@ifprimitive is available.
Package pdftexcmds Info: \pdfdraftmode found.
)
Package epstopdf-base Info: Redefining graphics rule for `.eps' on input line 4
85.
Package grfext Info: Graphics extension search list:
(grfext)             [.pdf,.png,.jpg,.mps,.jpeg,.jbig2,.jb2,.PDF,.PNG,.JPG,.JPE
G,.JBIG2,.JB2,.eps]
(grfext)             \AppendGraphicsExtensions on input line 504.

(/usr/share/texlive/texmf-dist/tex/latex/latexconfig/epstopdf-sys.cfg
File: epstopdf-sys.cfg 2010/07/13 v1.3 Configuration of (r)epstopdf for TeX Liv
e
))
(/usr/share/texlive/texmf-dist/tex/latex/pdflscape/pdflscape.sty
Package: pdflscape 2019/12/05 v0.12 Display of landscape pages in PDF (HO)

(/usr/share/texlive/texmf-dist/tex/latex/graphics/lscape.sty
Package: lscape 2000/10/22 v3.01 Landscape Pages (DPC)
)
Package pdflscape Info: Auto-detected driver: pdftex on input line 81.
)
Package lastpage Info: Please have a look at the pageslts package at
(lastpage)             https://www.ctan.org/pkg/pageslts
(lastpage)             ! on input line 44.
\c@lstlisting=\count284
Package caption Info: Begin \AtBeginDocument code.
Package caption Info: End \AtBeginDocument code.
<Deckblatt.pdf, id=1, 597.53236pt x 845.0471pt>
File: Deckblatt.pdf Graphic file (type pdf)
<use Deckblatt.pdf>
Package pdftex.def Info: Deckblatt.pdf  used on input line 48.
(pdftex.def)             Requested size: 597.5309pt x 845.04504pt.
File: Deckblatt.pdf Graphic file (type pdf)
<use Deckblatt.pdf>
Package pdftex.def Info: Deckblatt.pdf  used on input line 48.
(pdftex.def)             Requested size: 597.5309pt x 845.04504pt.
<Deckblatt.pdf, id=4, page=1, 597.53236pt x 845.0471pt>
File: Deckblatt.pdf Graphic file (type pdf)
<use Deckblatt.pdf, page 1>
Package pdftex.def Info: Deckblatt.pdf , page1 used on input line 48.
(pdftex.def)             Requested size: 597.5309pt x 845.04504pt.
File: Deckblatt.pdf Graphic file (type pdf)
<use Deckblatt.pdf, page 1>
Package pdftex.def Info: Deckblatt.pdf , page1 used on input line 48.
(pdftex.def)             Requested size: 562.1455pt x 795.00201pt.
File: Deckblatt.pdf Graphic file (type pdf)
<use Deckblatt.pdf, page 1>
Package pdftex.def Info: Deckblatt.pdf , page1 used on input line 48.
(pdftex.def)             Requested size: 562.1455pt x 795.00201pt.
File: Deckblatt.pdf Graphic file (type pdf)
<use Deckblatt.pdf, page 1>
Package pdftex.def Info: Deckblatt.pdf , page1 used on input line 48.
(pdftex.def)             Requested size: 562.1455pt x 795.00201pt.
File: Deckblatt.pdf Graphic file (type pdf)
<use Deckblatt.pdf, page 1>
Package pdftex.def Info: Deckblatt.pdf , page1 used on input line 48.
(pdftex.def)             Requested size: 562.1455pt x 795.00201pt.
 [1

 <./Deckblatt.pdf>] (./04_Signalleitung.toc
LaTeX Font Info:    Trying to load font information for U+msa on input line 7.

(/usr/share/texlive/texmf-dist/tex/latex/amsfonts/umsa.fd
File: umsa.fd 2013/01/14 v3.01 AMS symbols A
)
LaTeX Font Info:    Trying to load font information for U+msb on input line 7.

(/usr/share/texlive/texmf-dist/tex/latex/amsfonts/umsb.fd
File: umsb.fd 2013/01/14 v3.01 AMS symbols B
))
\tf@toc=\write3
\openout3 = `04_Signalleitung.toc'.



Package Fancyhdr Warning: \headheight is too small (12.0pt): 
Make it at least 22.54448pt.
We now make it that large for the rest of the document.
This may cause the page layout to be inconsistent, however.

[2{/var/lib/texmf/fonts/map/pdftex/updmap/pdftex.map}]
Underfull \hbox (badness 10000) in paragraph at lines 137--137
[]|\OT1/cmr/m/n/10 Frequenzgenerator
 []

[3]
<task1a.png, id=46, 203.8014pt x 81.6651pt>
File: task1a.png Graphic file (type png)
<use task1a.png>
Package pdftex.def Info: task1a.png  used on input line 168.
(pdftex.def)             Requested size: 326.08266pt x 130.6643pt.
<foto_task1a.jpg, id=48, 501.875pt x 282.05376pt>
File: foto_task1a.jpg Graphic file (type jpg)
<use foto_task1a.jpg>
Package pdftex.def Info: foto_task1a.jpg  used on input line 176.
(pdftex.def)             Requested size: 301.12732pt x 169.23355pt.
 [4 <./task1a.png>]
<task1b.png, id=54, 189.3474pt x 69.6201pt>
File: task1b.png Graphic file (type png)
<use task1b.png>
Package pdftex.def Info: task1b.png  used on input line 185.
(pdftex.def)             Requested size: 378.69385pt x 139.23984pt.

Overfull \hbox (33.69385pt too wide) in paragraph at lines 185--186
 [][] 
 []

<foto_task1b.jpg, id=55, 501.875pt x 282.05376pt>
File: foto_task1b.jpg Graphic file (type jpg)
<use foto_task1b.jpg>
Package pdftex.def Info: foto_task1b.jpg  used on input line 194.
(pdftex.def)             Requested size: 301.12732pt x 169.23355pt.
[5 <./foto_task1a.jpg> <./task1b.png>]
<task1c.png, id=60, 190.311pt x 69.6201pt>
File: task1c.png Graphic file (type png)
<use task1c.png>
Package pdftex.def Info: task1c.png  used on input line 203.
(pdftex.def)             Requested size: 380.62103pt x 139.23984pt.

Overfull \hbox (35.62103pt too wide) in paragraph at lines 203--204
 [][] 
 []

<foto_task1c.jpg, id=61, 501.875pt x 282.05376pt>
File: foto_task1c.jpg Graphic file (type jpg)
<use foto_task1c.jpg>
Package pdftex.def Info: foto_task1c.jpg  used on input line 212.
(pdftex.def)             Requested size: 301.12732pt x 169.23355pt.
[6 <./foto_task1b.jpg> <./task1c.png>]
<task2.png, id=66, 156.8259pt x 69.861pt>
File: task2.png Graphic file (type png)
<use task2.png>
Package pdftex.def Info: task2.png  used on input line 220.
(pdftex.def)             Requested size: 313.651pt x 139.72162pt.
<task4.png, id=67, 206.6922pt x 41.4348pt>
File: task4.png Graphic file (type png)
<use task4.png>
Package pdftex.def Info: task4.png  used on input line 235.
(pdftex.def)             Requested size: 413.38336pt x 82.86935pt.

Overfull \hbox (68.38336pt too wide) in paragraph at lines 235--236
 [][] 
 []

[7 <./foto_task1c.jpg> <./task2.png>]
<task4_richtig.jpg, id=73, 501.875pt x 282.05376pt>
File: task4_richtig.jpg Graphic file (type jpg)
<use task4_richtig.jpg>
Package pdftex.def Info: task4_richtig.jpg  used on input line 244.
(pdftex.def)             Requested size: 301.12732pt x 169.23355pt.
<task4_falsch.jpg, id=74, 501.875pt x 282.05376pt>
File: task4_falsch.jpg Graphic file (type jpg)
<use task4_falsch.jpg>
Package pdftex.def Info: task4_falsch.jpg  used on input line 251.
(pdftex.def)             Requested size: 301.12732pt x 169.23355pt.
 [8 <./task4.png> <./task4_richtig.jpg>]
<bilder/task1a/task1a_100ns.png, id=79, 462.528pt x 346.896pt>
File: bilder/task1a/task1a_100ns.png Graphic file (type png)
<use bilder/task1a/task1a_100ns.png>
Package pdftex.def Info: bilder/task1a/task1a_100ns.png  used on input line 269
.
(pdftex.def)             Requested size: 277.51894pt x 208.13919pt.

[9 <./task4_falsch.jpg>]
<bilder/task1a/task1a_240ns.png, id=84, 462.528pt x 346.896pt>
File: bilder/task1a/task1a_240ns.png Graphic file (type png)
<use bilder/task1a/task1a_240ns.png>
Package pdftex.def Info: bilder/task1a/task1a_240ns.png  used on input line 276
.
(pdftex.def)             Requested size: 277.51894pt x 208.13919pt.
<bilder/task1a/task1a_500ns.png, id=85, 462.528pt x 346.896pt>
File: bilder/task1a/task1a_500ns.png Graphic file (type png)
<use bilder/task1a/task1a_500ns.png>
Package pdftex.def Info: bilder/task1a/task1a_500ns.png  used on input line 283
.
(pdftex.def)             Requested size: 277.51894pt x 208.13919pt.
 [10 <./bilder/task1a/task1a_100ns.png> <./bilder/task1a/task1a_240ns.png>]
<bilder/task1a/task1a_750ns.png, id=91, 462.528pt x 346.896pt>
File: bilder/task1a/task1a_750ns.png Graphic file (type png)
<use bilder/task1a/task1a_750ns.png>
Package pdftex.def Info: bilder/task1a/task1a_750ns.png  used on input line 290
.
(pdftex.def)             Requested size: 277.51894pt x 208.13919pt.
<bilder/task1b/task1b_150ns.png, id=92, 462.528pt x 346.896pt>
File: bilder/task1b/task1b_150ns.png Graphic file (type png)
<use bilder/task1b/task1b_150ns.png>
Package pdftex.def Info: bilder/task1b/task1b_150ns.png  used on input line 305
.
(pdftex.def)             Requested size: 277.51894pt x 208.13919pt.
 [11 <./bilder/task1a/task1a_500ns.png> <./bilder/task1a/task1a_750ns.png>]
<bilder/task1b/task1b_2300ns.png, id=98, 462.528pt x 346.896pt>
File: bilder/task1b/task1b_2300ns.png Graphic file (type png)
<use bilder/task1b/task1b_2300ns.png>
Package pdftex.def Info: bilder/task1b/task1b_2300ns.png  used on input line 31
2.
(pdftex.def)             Requested size: 277.51894pt x 208.13919pt.
 [12 <./bilder/task1b/task1b_150ns.png>]
<bilder/task1c/task1c_150ns.png, id=103, 462.528pt x 346.896pt>
File: bilder/task1c/task1c_150ns.png Graphic file (type png)
<use bilder/task1c/task1c_150ns.png>
Package pdftex.def Info: bilder/task1c/task1c_150ns.png  used on input line 324
.
(pdftex.def)             Requested size: 277.51894pt x 208.13919pt.
 [13 <./bilder/task1b/task1b_2300ns.png>]
<bilder/task1c/task1c_2650ns.png, id=109, 462.528pt x 346.896pt>
File: bilder/task1c/task1c_2650ns.png Graphic file (type png)
<use bilder/task1c/task1c_2650ns.png>
Package pdftex.def Info: bilder/task1c/task1c_2650ns.png  used on input line 33
1.
(pdftex.def)             Requested size: 277.51894pt x 208.13919pt.
 [14 <./bilder/task1c/task1c_150ns.png> <./bilder/task1c/task1c_2650ns.png>]
<bilder/task2/task2_R1.png, id=115, 462.528pt x 346.896pt>
File: bilder/task2/task2_R1.png Graphic file (type png)
<use bilder/task2/task2_R1.png>
Package pdftex.def Info: bilder/task2/task2_R1.png  used on input line 372.
(pdftex.def)             Requested size: 277.51894pt x 208.13919pt.
 [15]
<bilder/task2/task2_R2.png, id=119, 462.528pt x 346.896pt>
File: bilder/task2/task2_R2.png Graphic file (type png)
<use bilder/task2/task2_R2.png>
Package pdftex.def Info: bilder/task2/task2_R2.png  used on input line 381.
(pdftex.def)             Requested size: 277.51894pt x 208.13919pt.
<bilder/task2/task2_R3.png, id=120, 462.528pt x 346.896pt>
File: bilder/task2/task2_R3.png Graphic file (type png)
<use bilder/task2/task2_R3.png>
Package pdftex.def Info: bilder/task2/task2_R3.png  used on input line 390.
(pdftex.def)             Requested size: 277.51894pt x 208.13919pt.
 [16 <./bilder/task2/task2_R1.png> <./bilder/task2/task2_R2.png>]
<bilder/task2/task2_R4.png, id=126, 462.528pt x 346.896pt>
File: bilder/task2/task2_R4.png Graphic file (type png)
<use bilder/task2/task2_R4.png>
Package pdftex.def Info: bilder/task2/task2_R4.png  used on input line 398.
(pdftex.def)             Requested size: 277.51894pt x 208.13919pt.
<bilder/task2/task2_R5.png, id=127, 462.528pt x 346.896pt>
File: bilder/task2/task2_R5.png Graphic file (type png)
<use bilder/task2/task2_R5.png>
Package pdftex.def Info: bilder/task2/task2_R5.png  used on input line 408.
(pdftex.def)             Requested size: 277.51894pt x 208.13919pt.
 [17 <./bilder/task2/task2_R3.png> <./bilder/task2/task2_R4.png>]
<bilder/task2/task2_R6.png, id=133, 462.528pt x 346.896pt>
File: bilder/task2/task2_R6.png Graphic file (type png)
<use bilder/task2/task2_R6.png>
Package pdftex.def Info: bilder/task2/task2_R6.png  used on input line 417.
(pdftex.def)             Requested size: 277.51894pt x 208.13919pt.
<bilder/task2/task2_R7.png, id=134, 462.528pt x 346.896pt>
File: bilder/task2/task2_R7.png Graphic file (type png)
<use bilder/task2/task2_R7.png>
Package pdftex.def Info: bilder/task2/task2_R7.png  used on input line 427.
(pdftex.def)             Requested size: 277.51894pt x 208.13919pt.

[18 <./bilder/task2/task2_R5.png> <./bilder/task2/task2_R6.png>]
<bilder/task2/task2_R8.png, id=140, 462.528pt x 346.896pt>
File: bilder/task2/task2_R8.png Graphic file (type png)
<use bilder/task2/task2_R8.png>
Package pdftex.def Info: bilder/task2/task2_R8.png  used on input line 438.
(pdftex.def)             Requested size: 277.51894pt x 208.13919pt.
<bilder/task2/task2_R9.png, id=141, 462.528pt x 346.896pt>
File: bilder/task2/task2_R9.png Graphic file (type png)
<use bilder/task2/task2_R9.png>
Package pdftex.def Info: bilder/task2/task2_R9.png  used on input line 448.
(pdftex.def)             Requested size: 277.51894pt x 208.13919pt.
 [19 <./bilder/task2/task2_R7.png> <./bilder/task2/task2_R8.png>]
<bilder/task2/task2_R10.png, id=148, 462.528pt x 346.896pt>
File: bilder/task2/task2_R10.png Graphic file (type png)
<use bilder/task2/task2_R10.png>
Package pdftex.def Info: bilder/task2/task2_R10.png  used on input line 459.
(pdftex.def)             Requested size: 277.51894pt x 208.13919pt.
<bilder/task2/task2_R11.png, id=149, 462.528pt x 346.896pt>
File: bilder/task2/task2_R11.png Graphic file (type png)
<use bilder/task2/task2_R11.png>
Package pdftex.def Info: bilder/task2/task2_R11.png  used on input line 468.
(pdftex.def)             Requested size: 277.51894pt x 208.13919pt.
 [20 <./bilder/task2/task2_R9.png> <./bilder/task2/task2_R10.png>]
<bilder/task2/task2_kurz.png, id=155, 462.528pt x 346.896pt>
File: bilder/task2/task2_kurz.png Graphic file (type png)
<use bilder/task2/task2_kurz.png>
Package pdftex.def Info: bilder/task2/task2_kurz.png  used on input line 476.
(pdftex.def)             Requested size: 277.51894pt x 208.13919pt.
 [21 <./bilder/task2/task2_R11.png> <./bilder/task2/task2_kurz.png>]
<bilder/task3/task3_100ns.png, id=161, 462.528pt x 346.896pt>
File: bilder/task3/task3_100ns.png Graphic file (type png)
<use bilder/task3/task3_100ns.png>
Package pdftex.def Info: bilder/task3/task3_100ns.png  used on input line 502.
(pdftex.def)             Requested size: 277.51894pt x 208.13919pt.
<bilder/task3/task3_240ns.png, id=162, 462.528pt x 346.896pt>
File: bilder/task3/task3_240ns.png Graphic file (type png)
<use bilder/task3/task3_240ns.png>
Package pdftex.def Info: bilder/task3/task3_240ns.png  used on input line 509.
(pdftex.def)             Requested size: 277.51894pt x 208.13919pt.
 [22 <./bilder/task3/task3_100ns.png>] [23 <./bilder/task3/task3_240ns.png>] [2
4] [25]
<bilder/task2/task2_summary.png, id=180, 462.528pt x 346.896pt>
File: bilder/task2/task2_summary.png Graphic file (type png)
<use bilder/task2/task2_summary.png>
Package pdftex.def Info: bilder/task2/task2_summary.png  used on input line 600
.
(pdftex.def)             Requested size: 277.51894pt x 208.13919pt.
 [26 <./bilder/task2/task2_summary.png>]
[27]
Underfull \hbox (badness 10000) in paragraph at lines 710--711
[]$\OT1/cmtt/m/n/10 https : / / de . wikipedia . org / wiki / BNC-[]Steckverbin
der$\OT1/cmr/m/n/10 , abe-ru-fen am
 []


AED: lastpage setting LastPage
[28] (./04_Signalleitung.aux) ) 
Here is how much of TeX's memory you used:
 7973 strings out of 481239
 117768 string characters out of 5920377
 370686 words of memory out of 5000000
 23076 multiletter control sequences out of 15000+600000
 536069 words of font info for 39 fonts, out of 8000000 for 9000
 1141 hyphenation exceptions out of 8191
 42i,18n,45p,803b,423s stack positions out of 5000i,500n,10000p,200000b,80000s
</usr/share/texlive/texmf-dist/fonts/type1/publi
c/amsfonts/cm/cmbx10.pfb></usr/share/texlive/texmf-dist/fonts/type1/public/amsf
onts/cm/cmbx12.pfb></usr/share/texlive/texmf-dist/fonts/type1/public/amsfonts/c
m/cmex10.pfb></usr/share/texlive/texmf-dist/fonts/type1/public/amsfonts/cm/cmmi
10.pfb></usr/share/texlive/texmf-dist/fonts/type1/public/amsfonts/cm/cmmi7.pfb>
</usr/share/texlive/texmf-dist/fonts/type1/public/amsfonts/cm/cmr10.pfb></usr/s
hare/texlive/texmf-dist/fonts/type1/public/amsfonts/cm/cmr5.pfb></usr/share/tex
live/texmf-dist/fonts/type1/public/amsfonts/cm/cmr7.pfb></usr/share/texlive/tex
mf-dist/fonts/type1/public/amsfonts/cm/cmsy10.pfb></usr/share/texlive/texmf-dis
t/fonts/type1/public/amsfonts/cm/cmti10.pfb></usr/share/texlive/texmf-dist/font
s/type1/public/amsfonts/cm/cmtt10.pfb>
Output written on 04_Signalleitung.pdf (28 pages, 1340592 bytes).
PDF statistics:
 229 PDF objects out of 1000 (max. 8388607)
 113 compressed objects within 2 object streams
 0 named destinations out of 1000 (max. 500000)
 186 words of extra memory for PDF output out of 10000 (max. 10000000)

